Results generated by BModes (v1.03.01, 25-Sept-2007, compiled using double precision) on 02-May-2016 at 10:27:32.
Sample non-uniform blade (output is space-delimited)                                               
=================================================================================

            tower frequencies & mode shapes
            --- only first  20 modes printed


 -------- Mode No.   1  (freq = 0.33835E+00 Hz)

span_loc	s-s disp	s-s slope	f-a disp	f-a slope	twist

 0.0000	 0.000000	 0.000000	 0.000000	 0.000000	 0.000000
 0.0250	 	 	 	 	 0.000000
 0.0500	 0.000460	 0.018229	 0.000000	 0.000000	 0.000000
 0.0750	 	 	 	 	 0.000000
 0.1000	 0.001837	 0.036685	 0.000000	 0.000000	 0.000000
 0.1250	 	 	 	 	 0.000000
 0.1500	 0.004143	 0.055341	 0.000000	 0.000000	 0.000000
 0.1750	 	 	 	 	 0.000000
 0.2000	 0.007385	 0.074160	 0.000000	 0.000000	 0.000000
 0.2250	 	 	 	 	 0.000000
 0.2500	 0.011572	 0.093086	 0.000000	 0.000000	 0.000000
 0.2750	 	 	 	 	 0.000000
 0.3000	 0.016706	 0.112047	 0.000000	 0.000000	 0.000000
 0.3250	 	 	 	 	 0.000000
 0.3500	 0.022788	 0.130970	 0.000000	 0.000000	 0.000000
 0.3750	 	 	 	 	 0.000000
 0.4000	 0.029813	 0.149763	 0.000000	 0.000000	 0.000000
 0.4250	 	 	 	 	 0.000000
 0.4500	 0.037773	 0.168331	 0.000000	 0.000000	 0.000000
 0.4750	 	 	 	 	 0.000000
 0.5000	 0.046653	 0.186557	 0.000000	 0.000000	 0.000000
 0.5250	 	 	 	 	 0.000000
 0.5500	 0.056433	 0.204303	 0.000000	 0.000000	 0.000000
 0.5750	 	 	 	 	 0.000000
 0.6000	 0.067085	 0.221405	 0.000000	 0.000000	 0.000000
 0.6250	 	 	 	 	 0.000000
 0.6500	 0.078572	 0.237686	 0.000000	 0.000000	 0.000000
 0.6750	 	 	 	 	 0.000000
 0.7000	 0.090848	 0.252933	 0.000000	 0.000000	 0.000000
 0.7250	 	 	 	 	 0.000000
 0.7500	 0.103854	 0.266878	 0.000000	 0.000000	 0.000000
 0.7750	 	 	 	 	 0.000000
 0.8000	 0.117518	 0.279208	 0.000000	 0.000000	 0.000000
 0.8250	 	 	 	 	 0.000000
 0.8500	 0.131751	 0.289592	 0.000000	 0.000000	 0.000000
 0.8750	 	 	 	 	 0.000000
 0.9000	 0.146446	 0.297641	 0.000000	 0.000000	 0.000000
 0.9250	 	 	 	 	 0.000000
 0.9500	 0.161474	 0.302894	 0.000000	 0.000000	 0.000000
 0.9750	 	 	 	 	 0.000000
 1.0000	 0.176683	 0.304805	 0.000000	 0.000000	 0.000000


 -------- Mode No.   2  (freq = 0.33836E+00 Hz)

span_loc	s-s disp	s-s slope	f-a disp	f-a slope	twist

 0.0000	 0.000000	 0.000000	 0.000000	 0.000000	 0.000000
 0.0250	 	 	 	 	 0.000000
 0.0500	 0.000000	 0.000000	 0.000460	 0.018229	 0.000000
 0.0750	 	 	 	 	 0.000000
 0.1000	 0.000000	 0.000000	 0.001837	 0.036685	 0.000000
 0.1250	 	 	 	 	 0.000000
 0.1500	 0.000000	 0.000000	 0.004143	 0.055341	 0.000000
 0.1750	 	 	 	 	 0.000000
 0.2000	 0.000000	 0.000000	 0.007385	 0.074160	 0.000000
 0.2250	 	 	 	 	 0.000000
 0.2500	 0.000000	 0.000000	 0.011572	 0.093086	 0.000000
 0.2750	 	 	 	 	 0.000000
 0.3000	 0.000000	 0.000000	 0.016706	 0.112047	 0.000000
 0.3250	 	 	 	 	 0.000000
 0.3500	 0.000000	 0.000000	 0.022788	 0.130970	 0.000000
 0.3750	 	 	 	 	 0.000000
 0.4000	 0.000000	 0.000000	 0.029813	 0.149763	 0.000000
 0.4250	 	 	 	 	 0.000000
 0.4500	 0.000000	 0.000000	 0.037773	 0.168331	 0.000000
 0.4750	 	 	 	 	 0.000000
 0.5000	 0.000000	 0.000000	 0.046653	 0.186557	 0.000000
 0.5250	 	 	 	 	 0.000000
 0.5500	 0.000000	 0.000000	 0.056433	 0.204303	 0.000000
 0.5750	 	 	 	 	 0.000000
 0.6000	 0.000000	 0.000000	 0.067085	 0.221405	 0.000000
 0.6250	 	 	 	 	 0.000000
 0.6500	 0.000000	 0.000000	 0.078572	 0.237686	 0.000000
 0.6750	 	 	 	 	 0.000000
 0.7000	 0.000000	 0.000000	 0.090848	 0.252933	 0.000000
 0.7250	 	 	 	 	 0.000000
 0.7500	 0.000000	 0.000000	 0.103854	 0.266878	 0.000000
 0.7750	 	 	 	 	 0.000000
 0.8000	 0.000000	 0.000000	 0.117518	 0.279208	 0.000000
 0.8250	 	 	 	 	 0.000000
 0.8500	 0.000000	 0.000000	 0.131751	 0.289592	 0.000000
 0.8750	 	 	 	 	 0.000000
 0.9000	 0.000000	 0.000000	 0.146446	 0.297641	 0.000000
 0.9250	 	 	 	 	 0.000000
 0.9500	 0.000000	 0.000000	 0.161474	 0.302894	 0.000000
 0.9750	 	 	 	 	 0.000000
 1.0000	 0.000000	 0.000000	 0.176683	 0.304805	 0.000000


 -------- Mode No.   3  (freq = 0.30749E+01 Hz)

span_loc	s-s disp	s-s slope	f-a disp	f-a slope	twist

 0.0000	 0.000000	 0.000000	 0.000000	 0.000000	 0.000000
 0.0250	 	 	 	 	 0.000000
 0.0500	 0.001392	 0.054017	 0.000000	 0.000000	 0.000000
 0.0750	 	 	 	 	 0.000000
 0.1000	 0.005319	 0.101307	 0.000000	 0.000000	 0.000000
 0.1250	 	 	 	 	 0.000000
 0.1500	 0.011418	 0.140800	 0.000000	 0.000000	 0.000000
 0.1750	 	 	 	 	 0.000000
 0.2000	 0.019272	 0.171401	 0.000000	 0.000000	 0.000000
 0.2250	 	 	 	 	 0.000000
 0.2500	 0.028408	 0.192048	 0.000000	 0.000000	 0.000000
 0.2750	 	 	 	 	 0.000000
 0.3000	 0.038304	 0.201813	 0.000000	 0.000000	 0.000000
 0.3250	 	 	 	 	 0.000000
 0.3500	 0.048398	 0.199992	 0.000000	 0.000000	 0.000000
 0.3750	 	 	 	 	 0.000000
 0.4000	 0.058098	 0.186176	 0.000000	 0.000000	 0.000000
 0.4250	 	 	 	 	 0.000000
 0.4500	 0.066802	 0.160317	 0.000000	 0.000000	 0.000000
 0.4750	 	 	 	 	 0.000000
 0.5000	 0.073914	 0.122802	 0.000000	 0.000000	 0.000000
 0.5250	 	 	 	 	 0.000000
 0.5500	 0.078873	 0.074528	 0.000000	 0.000000	 0.000000
 0.5750	 	 	 	 	 0.000000
 0.6000	 0.081175	 0.016964	 0.000000	 0.000000	 0.000000
 0.6250	 	 	 	 	 0.000000
 0.6500	 0.080404	-0.047867	 0.000000	 0.000000	 0.000000
 0.6750	 	 	 	 	 0.000000
 0.7000	 0.076261	-0.117335	 0.000000	 0.000000	 0.000000
 0.7250	 	 	 	 	 0.000000
 0.7500	 0.068596	-0.188107	 0.000000	 0.000000	 0.000000
 0.7750	 	 	 	 	 0.000000
 0.8000	 0.057441	-0.256252	 0.000000	 0.000000	 0.000000
 0.8250	 	 	 	 	 0.000000
 0.8500	 0.043034	-0.317537	 0.000000	 0.000000	 0.000000
 0.8750	 	 	 	 	 0.000000
 0.9000	 0.025834	-0.367362	 0.000000	 0.000000	 0.000000
 0.9250	 	 	 	 	 0.000000
 0.9500	 0.006535	-0.400901	 0.000000	 0.000000	 0.000000
 0.9750	 	 	 	 	 0.000000
 1.0000	-0.013923	-0.413287	 0.000000	 0.000000	 0.000000


 -------- Mode No.   4  (freq = 0.30750E+01 Hz)

span_loc	s-s disp	s-s slope	f-a disp	f-a slope	twist

 0.0000	 0.000000	 0.000000	 0.000000	 0.000000	 0.000000
 0.0250	 	 	 	 	 0.000000
 0.0500	 0.000000	 0.000000	 0.001392	 0.054017	 0.000000
 0.0750	 	 	 	 	 0.000000
 0.1000	 0.000000	 0.000000	 0.005319	 0.101307	 0.000000
 0.1250	 	 	 	 	 0.000000
 0.1500	 0.000000	 0.000000	 0.011418	 0.140800	 0.000000
 0.1750	 	 	 	 	 0.000000
 0.2000	 0.000000	 0.000000	 0.019272	 0.171401	 0.000000
 0.2250	 	 	 	 	 0.000000
 0.2500	 0.000000	 0.000000	 0.028408	 0.192048	 0.000000
 0.2750	 	 	 	 	 0.000000
 0.3000	 0.000000	 0.000000	 0.038304	 0.201813	 0.000000
 0.3250	 	 	 	 	 0.000000
 0.3500	 0.000000	 0.000000	 0.048398	 0.199992	 0.000000
 0.3750	 	 	 	 	 0.000000
 0.4000	 0.000000	 0.000000	 0.058098	 0.186176	 0.000000
 0.4250	 	 	 	 	 0.000000
 0.4500	 0.000000	 0.000000	 0.066802	 0.160317	 0.000000
 0.4750	 	 	 	 	 0.000000
 0.5000	 0.000000	 0.000000	 0.073914	 0.122802	 0.000000
 0.5250	 	 	 	 	 0.000000
 0.5500	 0.000000	 0.000000	 0.078873	 0.074528	 0.000000
 0.5750	 	 	 	 	 0.000000
 0.6000	 0.000000	 0.000000	 0.081175	 0.016964	 0.000000
 0.6250	 	 	 	 	 0.000000
 0.6500	 0.000000	 0.000000	 0.080404	-0.047867	 0.000000
 0.6750	 	 	 	 	 0.000000
 0.7000	 0.000000	 0.000000	 0.076261	-0.117335	 0.000000
 0.7250	 	 	 	 	 0.000000
 0.7500	 0.000000	 0.000000	 0.068596	-0.188107	 0.000000
 0.7750	 	 	 	 	 0.000000
 0.8000	 0.000000	 0.000000	 0.057441	-0.256252	 0.000000
 0.8250	 	 	 	 	 0.000000
 0.8500	 0.000000	 0.000000	 0.043034	-0.317537	 0.000000
 0.8750	 	 	 	 	 0.000000
 0.9000	 0.000000	 0.000000	 0.025834	-0.367362	 0.000000
 0.9250	 	 	 	 	 0.000000
 0.9500	 0.000000	 0.000000	 0.006535	-0.400901	 0.000000
 0.9750	 	 	 	 	 0.000000
 1.0000	 0.000000	 0.000000	-0.013923	-0.413287	 0.000000


 -------- Mode No.   5  (freq = 0.91874E+01 Hz)

span_loc	s-s disp	s-s slope	f-a disp	f-a slope	twist

 0.0000	 0.000000	 0.000000	 0.000000	 0.000000	 0.000000
 0.0250	 	 	 	 	 0.000000
 0.0500	-0.002266	-0.085526	 0.000000	 0.000000	 0.000000
 0.0750	 	 	 	 	 0.000000
 0.1000	-0.008150	-0.144413	 0.000000	 0.000000	 0.000000
 0.1250	 	 	 	 	 0.000000
 0.1500	-0.016241	-0.173783	 0.000000	 0.000000	 0.000000
 0.1750	 	 	 	 	 0.000000
 0.2000	-0.025019	-0.172186	 0.000000	 0.000000	 0.000000
 0.2250	 	 	 	 	 0.000000
 0.2500	-0.032944	-0.140389	 0.000000	 0.000000	 0.000000
 0.2750	 	 	 	 	 0.000000
 0.3000	-0.038584	-0.081949	 0.000000	 0.000000	 0.000000
 0.3250	 	 	 	 	 0.000000
 0.3500	-0.040758	-0.003374	 0.000000	 0.000000	 0.000000
 0.3750	 	 	 	 	 0.000000
 0.4000	-0.038685	 0.086064	 0.000000	 0.000000	 0.000000
 0.4250	 	 	 	 	 0.000000
 0.4500	-0.032100	 0.175030	 0.000000	 0.000000	 0.000000
 0.4750	 	 	 	 	 0.000000
 0.5000	-0.021341	 0.251122	 0.000000	 0.000000	 0.000000
 0.5250	 	 	 	 	 0.000000
 0.5500	-0.007361	 0.302257	 0.000000	 0.000000	 0.000000
 0.5750	 	 	 	 	 0.000000
 0.6000	 0.008322	 0.318317	 0.000000	 0.000000	 0.000000
 0.6250	 	 	 	 	 0.000000
 0.6500	 0.023772	 0.292839	 0.000000	 0.000000	 0.000000
 0.6750	 	 	 	 	 0.000000
 0.7000	 0.036852	 0.224435	 0.000000	 0.000000	 0.000000
 0.7250	 	 	 	 	 0.000000
 0.7500	 0.045512	 0.118004	 0.000000	 0.000000	 0.000000
 0.7750	 	 	 	 	 0.000000
 0.8000	 0.048118	-0.014842	 0.000000	 0.000000	 0.000000
 0.8250	 	 	 	 	 0.000000
 0.8500	 0.043766	-0.156809	 0.000000	 0.000000	 0.000000
 0.8750	 	 	 	 	 0.000000
 0.9000	 0.032536	-0.286295	 0.000000	 0.000000	 0.000000
 0.9250	 	 	 	 	 0.000000
 0.9500	 0.015644	-0.379887	 0.000000	 0.000000	 0.000000
 0.9750	 	 	 	 	 0.000000
 1.0000	-0.004541	-0.415650	 0.000000	 0.000000	 0.000000


 -------- Mode No.   6  (freq = 0.91876E+01 Hz)

span_loc	s-s disp	s-s slope	f-a disp	f-a slope	twist

 0.0000	 0.000000	 0.000000	 0.000000	 0.000000	 0.000000
 0.0250	 	 	 	 	 0.000000
 0.0500	 0.000000	 0.000000	-0.002266	-0.085526	 0.000000
 0.0750	 	 	 	 	 0.000000
 0.1000	 0.000000	 0.000000	-0.008150	-0.144413	 0.000000
 0.1250	 	 	 	 	 0.000000
 0.1500	 0.000000	 0.000000	-0.016241	-0.173783	 0.000000
 0.1750	 	 	 	 	 0.000000
 0.2000	 0.000000	 0.000000	-0.025019	-0.172186	 0.000000
 0.2250	 	 	 	 	 0.000000
 0.2500	 0.000000	 0.000000	-0.032944	-0.140389	 0.000000
 0.2750	 	 	 	 	 0.000000
 0.3000	 0.000000	 0.000000	-0.038584	-0.081949	 0.000000
 0.3250	 	 	 	 	 0.000000
 0.3500	 0.000000	 0.000000	-0.040758	-0.003374	 0.000000
 0.3750	 	 	 	 	 0.000000
 0.4000	 0.000000	 0.000000	-0.038685	 0.086064	 0.000000
 0.4250	 	 	 	 	 0.000000
 0.4500	 0.000000	 0.000000	-0.032100	 0.175030	 0.000000
 0.4750	 	 	 	 	 0.000000
 0.5000	 0.000000	 0.000000	-0.021341	 0.251122	 0.000000
 0.5250	 	 	 	 	 0.000000
 0.5500	 0.000000	 0.000000	-0.007361	 0.302257	 0.000000
 0.5750	 	 	 	 	 0.000000
 0.6000	 0.000000	 0.000000	 0.008322	 0.318317	 0.000000
 0.6250	 	 	 	 	 0.000000
 0.6500	 0.000000	 0.000000	 0.023772	 0.292839	 0.000000
 0.6750	 	 	 	 	 0.000000
 0.7000	 0.000000	 0.000000	 0.036852	 0.224435	 0.000000
 0.7250	 	 	 	 	 0.000000
 0.7500	 0.000000	 0.000000	 0.045512	 0.118004	 0.000000
 0.7750	 	 	 	 	 0.000000
 0.8000	 0.000000	 0.000000	 0.048118	-0.014842	 0.000000
 0.8250	 	 	 	 	 0.000000
 0.8500	 0.000000	 0.000000	 0.043766	-0.156809	 0.000000
 0.8750	 	 	 	 	 0.000000
 0.9000	 0.000000	 0.000000	 0.032536	-0.286295	 0.000000
 0.9250	 	 	 	 	 0.000000
 0.9500	 0.000000	 0.000000	 0.015644	-0.379887	 0.000000
 0.9750	 	 	 	 	 0.000000
 1.0000	 0.000000	 0.000000	-0.004541	-0.415650	 0.000000


 -------- Mode No.   7  (freq = 0.15168E+02 Hz)

span_loc	s-s disp	s-s slope	f-a disp	f-a slope	twist

 0.0000	 0.000000	 0.000000	 0.000000	 0.000000	 0.000000
 0.0250	 	 	 	 	 0.005851
 0.0500	 0.000000	 0.000000	 0.000000	 0.000000	 0.011689
 0.0750	 	 	 	 	 0.017911
 0.1000	 0.000000	 0.000000	 0.000000	 0.000000	 0.024094
 0.1250	 	 	 	 	 0.030668
 0.1500	 0.000000	 0.000000	 0.000000	 0.000000	 0.037173
 0.1750	 	 	 	 	 0.044073
 0.2000	 0.000000	 0.000000	 0.000000	 0.000000	 0.050872
 0.2250	 	 	 	 	 0.058063
 0.2500	 0.000000	 0.000000	 0.000000	 0.000000	 0.065117
 0.2750	 	 	 	 	 0.072553
 0.3000	 0.000000	 0.000000	 0.000000	 0.000000	 0.079815
 0.3250	 	 	 	 	 0.087440
 0.3500	 0.000000	 0.000000	 0.000000	 0.000000	 0.094853
 0.3750	 	 	 	 	 0.102603
 0.4000	 0.000000	 0.000000	 0.000000	 0.000000	 0.110099
 0.4250	 	 	 	 	 0.117912
 0.4500	 0.000000	 0.000000	 0.000000	 0.000000	 0.125426
 0.4750	 	 	 	 	 0.133231
 0.5000	 0.000000	 0.000000	 0.000000	 0.000000	 0.140692
 0.5250	 	 	 	 	 0.148409
 0.5500	 0.000000	 0.000000	 0.000000	 0.000000	 0.155734
 0.5750	 	 	 	 	 0.163270
 0.6000	 0.000000	 0.000000	 0.000000	 0.000000	 0.170366
 0.6250	 	 	 	 	 0.177609
 0.6500	 0.000000	 0.000000	 0.000000	 0.000000	 0.184361
 0.6750	 	 	 	 	 0.191182
 0.7000	 0.000000	 0.000000	 0.000000	 0.000000	 0.197463
 0.7250	 	 	 	 	 0.203741
 0.7500	 0.000000	 0.000000	 0.000000	 0.000000	 0.209431
 0.7750	 	 	 	 	 0.215030
 0.8000	 0.000000	 0.000000	 0.000000	 0.000000	 0.219994
 0.8250	 	 	 	 	 0.224755
 0.8500	 0.000000	 0.000000	 0.000000	 0.000000	 0.228836
 0.8750	 	 	 	 	 0.232586
 0.9000	 0.000000	 0.000000	 0.000000	 0.000000	 0.235615
 0.9250	 	 	 	 	 0.238176
 0.9500	 0.000000	 0.000000	 0.000000	 0.000000	 0.239979
 0.9750	 	 	 	 	 0.241159
 1.0000	 0.000000	 0.000000	 0.000000	 0.000000	 0.241552


 -------- Mode No.   8  (freq = 0.16569E+02 Hz)

span_loc	s-s disp	s-s slope	f-a disp	f-a slope	twist

 0.0000	 0.000000	 0.000000	 0.000000	 0.000000	 0.000000
 0.0250	 	 	 	 	 0.000000
 0.0500	 0.000000	 0.000000	 0.000000	 0.000000	 0.000000
 0.0750	 	 	 	 	 0.000000
 0.1000	 0.000000	 0.000000	 0.000000	 0.000000	 0.000000
 0.1250	 	 	 	 	 0.000000
 0.1500	 0.000000	 0.000000	 0.000000	 0.000000	 0.000000
 0.1750	 	 	 	 	 0.000000
 0.2000	 0.000000	 0.000000	 0.000000	 0.000000	 0.000000
 0.2250	 	 	 	 	 0.000000
 0.2500	 0.000000	 0.000000	 0.000000	 0.000000	 0.000000
 0.2750	 	 	 	 	 0.000000
 0.3000	 0.000000	 0.000000	 0.000000	 0.000000	 0.000000
 0.3250	 	 	 	 	 0.000000
 0.3500	 0.000000	 0.000000	 0.000000	 0.000000	 0.000000
 0.3750	 	 	 	 	 0.000000
 0.4000	 0.000000	 0.000000	 0.000000	 0.000000	 0.000000
 0.4250	 	 	 	 	 0.000000
 0.4500	 0.000000	 0.000000	 0.000000	 0.000000	 0.000000
 0.4750	 	 	 	 	 0.000000
 0.5000	 0.000000	 0.000000	 0.000000	 0.000000	 0.000000
 0.5250	 	 	 	 	 0.000000
 0.5500	 0.000000	 0.000000	 0.000000	 0.000000	 0.000000
 0.5750	 	 	 	 	 0.000000
 0.6000	 0.000000	 0.000000	 0.000000	 0.000000	 0.000000
 0.6250	 	 	 	 	 0.000000
 0.6500	 0.000000	 0.000000	 0.000000	 0.000000	 0.000000
 0.6750	 	 	 	 	 0.000000
 0.7000	 0.000000	 0.000000	 0.000000	 0.000000	 0.000000
 0.7250	 	 	 	 	 0.000000
 0.7500	 0.000000	 0.000000	 0.000000	 0.000000	 0.000000
 0.7750	 	 	 	 	 0.000000
 0.8000	 0.000000	 0.000000	 0.000000	 0.000000	 0.000000
 0.8250	 	 	 	 	 0.000000
 0.8500	 0.000000	 0.000000	 0.000000	 0.000000	 0.000000
 0.8750	 	 	 	 	 0.000000
 0.9000	 0.000000	 0.000000	 0.000000	 0.000000	 0.000000
 0.9250	 	 	 	 	 0.000000
 0.9500	 0.000000	 0.000000	 0.000000	 0.000000	 0.000000
 0.9750	 	 	 	 	 0.000000
 1.0000	 0.000000	 0.000000	 0.000000	 0.000000	 0.000000


 -------- Mode No.   9  (freq = 0.18785E+02 Hz)

span_loc	s-s disp	s-s slope	f-a disp	f-a slope	twist

 0.0000	 0.000000	 0.000000	 0.000000	 0.000000	 0.000000
 0.0250	 	 	 	 	 0.000000
 0.0500	 0.003048	 0.111325	 0.000000	 0.000000	 0.000000
 0.0750	 	 	 	 	 0.000000
 0.1000	 0.010196	 0.163798	 0.000000	 0.000000	 0.000000
 0.1250	 	 	 	 	 0.000000
 0.1500	 0.018421	 0.155378	 0.000000	 0.000000	 0.000000
 0.1750	 	 	 	 	 0.000000
 0.2000	 0.024796	 0.092382	 0.000000	 0.000000	 0.000000
 0.2250	 	 	 	 	 0.000000
 0.2500	 0.026965	-0.008863	 0.000000	 0.000000	 0.000000
 0.2750	 	 	 	 	 0.000000
 0.3000	 0.023621	-0.123257	 0.000000	 0.000000	 0.000000
 0.3250	 	 	 	 	 0.000000
 0.3500	 0.014849	-0.221117	 0.000000	 0.000000	 0.000000
 0.3750	 	 	 	 	 0.000000
 0.4000	 0.002208	-0.274377	 0.000000	 0.000000	 0.000000
 0.4250	 	 	 	 	 0.000000
 0.4500	-0.011529	-0.263670	 0.000000	 0.000000	 0.000000
 0.4750	 	 	 	 	 0.000000
 0.5000	-0.022974	-0.184340	 0.000000	 0.000000	 0.000000
 0.5250	 	 	 	 	 0.000000
 0.5500	-0.028958	-0.049774	 0.000000	 0.000000	 0.000000
 0.5750	 	 	 	 	 0.000000
 0.6000	-0.027429	 0.109541	 0.000000	 0.000000	 0.000000
 0.6250	 	 	 	 	 0.000000
 0.6500	-0.018173	 0.252086	 0.000000	 0.000000	 0.000000
 0.6750	 	 	 	 	 0.000000
 0.7000	-0.003131	 0.335287	 0.000000	 0.000000	 0.000000
 0.7250	 	 	 	 	 0.000000
 0.7500	 0.013860	 0.327844	 0.000000	 0.000000	 0.000000
 0.7750	 	 	 	 	 0.000000
 0.8000	 0.027946	 0.221595	 0.000000	 0.000000	 0.000000
 0.8250	 	 	 	 	 0.000000
 0.8500	 0.034597	 0.037761	 0.000000	 0.000000	 0.000000
 0.8750	 	 	 	 	 0.000000
 0.9000	 0.031077	-0.174571	 0.000000	 0.000000	 0.000000
 0.9250	 	 	 	 	 0.000000
 0.9500	 0.017613	-0.348870	 0.000000	 0.000000	 0.000000
 0.9750	 	 	 	 	 0.000000
 1.0000	-0.002172	-0.419394	 0.000000	 0.000000	 0.000000


 -------- Mode No.  10  (freq = 0.18786E+02 Hz)

span_loc	s-s disp	s-s slope	f-a disp	f-a slope	twist

 0.0000	 0.000000	 0.000000	 0.000000	 0.000000	 0.000000
 0.0250	 	 	 	 	 0.000000
 0.0500	 0.000000	 0.000000	 0.003048	 0.111325	 0.000000
 0.0750	 	 	 	 	 0.000000
 0.1000	 0.000000	 0.000000	 0.010196	 0.163798	 0.000000
 0.1250	 	 	 	 	 0.000000
 0.1500	 0.000000	 0.000000	 0.018421	 0.155378	 0.000000
 0.1750	 	 	 	 	 0.000000
 0.2000	 0.000000	 0.000000	 0.024796	 0.092382	 0.000000
 0.2250	 	 	 	 	 0.000000
 0.2500	 0.000000	 0.000000	 0.026965	-0.008863	 0.000000
 0.2750	 	 	 	 	 0.000000
 0.3000	 0.000000	 0.000000	 0.023621	-0.123257	 0.000000
 0.3250	 	 	 	 	 0.000000
 0.3500	 0.000000	 0.000000	 0.014849	-0.221117	 0.000000
 0.3750	 	 	 	 	 0.000000
 0.4000	 0.000000	 0.000000	 0.002208	-0.274377	 0.000000
 0.4250	 	 	 	 	 0.000000
 0.4500	 0.000000	 0.000000	-0.011529	-0.263670	 0.000000
 0.4750	 	 	 	 	 0.000000
 0.5000	 0.000000	 0.000000	-0.022974	-0.184340	 0.000000
 0.5250	 	 	 	 	 0.000000
 0.5500	 0.000000	 0.000000	-0.028958	-0.049774	 0.000000
 0.5750	 	 	 	 	 0.000000
 0.6000	 0.000000	 0.000000	-0.027429	 0.109541	 0.000000
 0.6250	 	 	 	 	 0.000000
 0.6500	 0.000000	 0.000000	-0.018173	 0.252086	 0.000000
 0.6750	 	 	 	 	 0.000000
 0.7000	 0.000000	 0.000000	-0.003131	 0.335287	 0.000000
 0.7250	 	 	 	 	 0.000000
 0.7500	 0.000000	 0.000000	 0.013860	 0.327844	 0.000000
 0.7750	 	 	 	 	 0.000000
 0.8000	 0.000000	 0.000000	 0.027946	 0.221595	 0.000000
 0.8250	 	 	 	 	 0.000000
 0.8500	 0.000000	 0.000000	 0.034597	 0.037761	 0.000000
 0.8750	 	 	 	 	 0.000000
 0.9000	 0.000000	 0.000000	 0.031077	-0.174571	 0.000000
 0.9250	 	 	 	 	 0.000000
 0.9500	 0.000000	 0.000000	 0.017613	-0.348870	 0.000000
 0.9750	 	 	 	 	 0.000000
 1.0000	 0.000000	 0.000000	-0.002172	-0.419394	 0.000000


 -------- Mode No.  11  (freq = 0.31869E+02 Hz)

span_loc	s-s disp	s-s slope	f-a disp	f-a slope	twist

 0.0000	 0.000000	 0.000000	 0.000000	 0.000000	 0.000000
 0.0250	 	 	 	 	 0.000000
 0.0500	-0.003731	-0.131220	 0.000000	 0.000000	 0.000000
 0.0750	 	 	 	 	 0.000000
 0.1000	-0.011461	-0.160593	 0.000000	 0.000000	 0.000000
 0.1250	 	 	 	 	 0.000000
 0.1500	-0.018193	-0.095691	 0.000000	 0.000000	 0.000000
 0.1750	 	 	 	 	 0.000000
 0.2000	-0.019927	 0.031052	 0.000000	 0.000000	 0.000000
 0.2250	 	 	 	 	 0.000000
 0.2500	-0.014862	 0.166194	 0.000000	 0.000000	 0.000000
 0.2750	 	 	 	 	 0.000000
 0.3000	-0.004090	 0.250829	 0.000000	 0.000000	 0.000000
 0.3250	 	 	 	 	 0.000000
 0.3500	 0.008672	 0.242346	 0.000000	 0.000000	 0.000000
 0.3750	 	 	 	 	 0.000000
 0.4000	 0.018408	 0.133485	 0.000000	 0.000000	 0.000000
 0.4250	 	 	 	 	 0.000000
 0.4500	 0.020826	-0.040201	 0.000000	 0.000000	 0.000000
 0.4750	 	 	 	 	 0.000000
 0.5000	 0.014331	-0.210001	 0.000000	 0.000000	 0.000000
 0.5250	 	 	 	 	 0.000000
 0.5500	 0.001082	-0.299925	 0.000000	 0.000000	 0.000000
 0.5750	 	 	 	 	 0.000000
 0.6000	-0.013491	-0.260441	 0.000000	 0.000000	 0.000000
 0.6250	 	 	 	 	 0.000000
 0.6500	-0.022765	-0.095753	 0.000000	 0.000000	 0.000000
 0.6750	 	 	 	 	 0.000000
 0.7000	-0.021884	 0.129690	 0.000000	 0.000000	 0.000000
 0.7250	 	 	 	 	 0.000000
 0.7500	-0.010355	 0.312424	 0.000000	 0.000000	 0.000000
 0.7750	 	 	 	 	 0.000000
 0.8000	 0.007090	 0.355868	 0.000000	 0.000000	 0.000000
 0.8250	 	 	 	 	 0.000000
 0.8500	 0.022181	 0.221582	 0.000000	 0.000000	 0.000000
 0.8750	 	 	 	 	 0.000000
 0.9000	 0.026901	-0.041014	 0.000000	 0.000000	 0.000000
 0.9250	 	 	 	 	 0.000000
 0.9500	 0.017821	-0.305032	 0.000000	 0.000000	 0.000000
 0.9750	 	 	 	 	 0.000000
 1.0000	-0.001264	-0.420931	 0.000000	 0.000000	 0.000000


 -------- Mode No.  12  (freq = 0.31870E+02 Hz)

span_loc	s-s disp	s-s slope	f-a disp	f-a slope	twist

 0.0000	 0.000000	 0.000000	 0.000000	 0.000000	 0.000000
 0.0250	 	 	 	 	 0.000000
 0.0500	 0.000000	 0.000000	-0.003731	-0.131220	 0.000000
 0.0750	 	 	 	 	 0.000000
 0.1000	 0.000000	 0.000000	-0.011461	-0.160593	 0.000000
 0.1250	 	 	 	 	 0.000000
 0.1500	 0.000000	 0.000000	-0.018193	-0.095691	 0.000000
 0.1750	 	 	 	 	 0.000000
 0.2000	 0.000000	 0.000000	-0.019927	 0.031052	 0.000000
 0.2250	 	 	 	 	 0.000000
 0.2500	 0.000000	 0.000000	-0.014862	 0.166194	 0.000000
 0.2750	 	 	 	 	 0.000000
 0.3000	 0.000000	 0.000000	-0.004090	 0.250829	 0.000000
 0.3250	 	 	 	 	 0.000000
 0.3500	 0.000000	 0.000000	 0.008672	 0.242346	 0.000000
 0.3750	 	 	 	 	 0.000000
 0.4000	 0.000000	 0.000000	 0.018408	 0.133485	 0.000000
 0.4250	 	 	 	 	 0.000000
 0.4500	 0.000000	 0.000000	 0.020826	-0.040201	 0.000000
 0.4750	 	 	 	 	 0.000000
 0.5000	 0.000000	 0.000000	 0.014331	-0.210001	 0.000000
 0.5250	 	 	 	 	 0.000000
 0.5500	 0.000000	 0.000000	 0.001082	-0.299925	 0.000000
 0.5750	 	 	 	 	 0.000000
 0.6000	 0.000000	 0.000000	-0.013491	-0.260441	 0.000000
 0.6250	 	 	 	 	 0.000000
 0.6500	 0.000000	 0.000000	-0.022765	-0.095753	 0.000000
 0.6750	 	 	 	 	 0.000000
 0.7000	 0.000000	 0.000000	-0.021884	 0.129690	 0.000000
 0.7250	 	 	 	 	 0.000000
 0.7500	 0.000000	 0.000000	-0.010355	 0.312424	 0.000000
 0.7750	 	 	 	 	 0.000000
 0.8000	 0.000000	 0.000000	 0.007090	 0.355868	 0.000000
 0.8250	 	 	 	 	 0.000000
 0.8500	 0.000000	 0.000000	 0.022181	 0.221582	 0.000000
 0.8750	 	 	 	 	 0.000000
 0.9000	 0.000000	 0.000000	 0.026901	-0.041014	 0.000000
 0.9250	 	 	 	 	 0.000000
 0.9500	 0.000000	 0.000000	 0.017821	-0.305032	 0.000000
 0.9750	 	 	 	 	 0.000000
 1.0000	 0.000000	 0.000000	-0.001264	-0.420931	 0.000000


 -------- Mode No.  13  (freq = 0.36208E+02 Hz)

span_loc	s-s disp	s-s slope	f-a disp	f-a slope	twist

 0.0000	 0.000000	 0.000000	 0.000000	 0.000000	 0.000000
 0.0250	 	 	 	 	 0.016365
 0.0500	 0.000000	 0.000000	 0.000000	 0.000000	 0.032527
 0.0750	 	 	 	 	 0.049404
 0.1000	 0.000000	 0.000000	 0.000000	 0.000000	 0.065657
 0.1250	 	 	 	 	 0.082218
 0.1500	 0.000000	 0.000000	 0.000000	 0.000000	 0.097720
 0.1750	 	 	 	 	 0.113059
 0.2000	 0.000000	 0.000000	 0.000000	 0.000000	 0.126915
 0.2250	 	 	 	 	 0.140076
 0.2500	 0.000000	 0.000000	 0.000000	 0.000000	 0.151366
 0.2750	 	 	 	 	 0.161401
 0.3000	 0.000000	 0.000000	 0.000000	 0.000000	 0.169240
 0.3250	 	 	 	 	 0.175270
 0.3500	 0.000000	 0.000000	 0.000000	 0.000000	 0.178870
 0.3750	 	 	 	 	 0.180149
 0.4000	 0.000000	 0.000000	 0.000000	 0.000000	 0.178883
 0.4250	 	 	 	 	 0.174861
 0.4500	 0.000000	 0.000000	 0.000000	 0.000000	 0.168322
 0.4750	 	 	 	 	 0.158689
 0.5000	 0.000000	 0.000000	 0.000000	 0.000000	 0.146724
 0.5250	 	 	 	 	 0.131463
 0.5500	 0.000000	 0.000000	 0.000000	 0.000000	 0.114229
 0.5750	 	 	 	 	 0.093668
 0.6000	 0.000000	 0.000000	 0.000000	 0.000000	 0.071668
 0.6250	 	 	 	 	 0.046548
 0.6500	 0.000000	 0.000000	 0.000000	 0.000000	 0.020698
 0.6750	 	 	 	 	-0.007808
 0.7000	 0.000000	 0.000000	 0.000000	 0.000000	-0.036190
 0.7250	 	 	 	 	-0.066594
 0.7500	 0.000000	 0.000000	 0.000000	 0.000000	-0.095906
 0.7750	 	 	 	 	-0.126378
 0.8000	 0.000000	 0.000000	 0.000000	 0.000000	-0.154725
 0.8250	 	 	 	 	-0.183092
 0.8500	 0.000000	 0.000000	 0.000000	 0.000000	-0.208303
 0.8750	 	 	 	 	-0.232205
 0.9000	 0.000000	 0.000000	 0.000000	 0.000000	-0.252009
 0.9250	 	 	 	 	-0.269097
 0.9500	 0.000000	 0.000000	 0.000000	 0.000000	-0.281318
 0.9750	 	 	 	 	-0.289391
 1.0000	 0.000000	 0.000000	 0.000000	 0.000000	-0.292100


 -------- Mode No.  14  (freq = 0.43653E+02 Hz)

span_loc	s-s disp	s-s slope	f-a disp	f-a slope	twist

 0.0000	 0.000000	 0.000000	 0.000000	 0.000000	 0.000000
 0.0250	 	 	 	 	 0.000000
 0.0500	 0.000000	 0.000000	 0.000000	 0.000000	 0.000000
 0.0750	 	 	 	 	 0.000000
 0.1000	 0.000000	 0.000000	 0.000000	 0.000000	 0.000000
 0.1250	 	 	 	 	 0.000000
 0.1500	 0.000000	 0.000000	 0.000000	 0.000000	 0.000000
 0.1750	 	 	 	 	 0.000000
 0.2000	 0.000000	 0.000000	 0.000000	 0.000000	 0.000000
 0.2250	 	 	 	 	 0.000000
 0.2500	 0.000000	 0.000000	 0.000000	 0.000000	 0.000000
 0.2750	 	 	 	 	 0.000000
 0.3000	 0.000000	 0.000000	 0.000000	 0.000000	 0.000000
 0.3250	 	 	 	 	 0.000000
 0.3500	 0.000000	 0.000000	 0.000000	 0.000000	 0.000000
 0.3750	 	 	 	 	 0.000000
 0.4000	 0.000000	 0.000000	 0.000000	 0.000000	 0.000000
 0.4250	 	 	 	 	 0.000000
 0.4500	 0.000000	 0.000000	 0.000000	 0.000000	 0.000000
 0.4750	 	 	 	 	 0.000000
 0.5000	 0.000000	 0.000000	 0.000000	 0.000000	 0.000000
 0.5250	 	 	 	 	 0.000000
 0.5500	 0.000000	 0.000000	 0.000000	 0.000000	 0.000000
 0.5750	 	 	 	 	 0.000000
 0.6000	 0.000000	 0.000000	 0.000000	 0.000000	 0.000000
 0.6250	 	 	 	 	 0.000000
 0.6500	 0.000000	 0.000000	 0.000000	 0.000000	 0.000000
 0.6750	 	 	 	 	 0.000000
 0.7000	 0.000000	 0.000000	 0.000000	 0.000000	 0.000000
 0.7250	 	 	 	 	 0.000000
 0.7500	 0.000000	 0.000000	 0.000000	 0.000000	 0.000000
 0.7750	 	 	 	 	 0.000000
 0.8000	 0.000000	 0.000000	 0.000000	 0.000000	 0.000000
 0.8250	 	 	 	 	 0.000000
 0.8500	 0.000000	 0.000000	 0.000000	 0.000000	 0.000000
 0.8750	 	 	 	 	 0.000000
 0.9000	 0.000000	 0.000000	 0.000000	 0.000000	 0.000000
 0.9250	 	 	 	 	 0.000000
 0.9500	 0.000000	 0.000000	 0.000000	 0.000000	 0.000000
 0.9750	 	 	 	 	 0.000000
 1.0000	 0.000000	 0.000000	 0.000000	 0.000000	 0.000000


 -------- Mode No.  15  (freq = 0.48450E+02 Hz)

span_loc	s-s disp	s-s slope	f-a disp	f-a slope	twist

 0.0000	 0.000000	 0.000000	 0.000000	 0.000000	 0.000000
 0.0250	 	 	 	 	 0.000000
 0.0500	 0.004316	 0.145337	 0.000000	 0.000000	 0.000000
 0.0750	 	 	 	 	 0.000000
 0.1000	 0.011993	 0.137451	 0.000000	 0.000000	 0.000000
 0.1250	 	 	 	 	 0.000000
 0.1500	 0.016002	 0.010334	 0.000000	 0.000000	 0.000000
 0.1750	 	 	 	 	 0.000000
 0.2000	 0.012340	-0.151828	 0.000000	 0.000000	 0.000000
 0.2250	 	 	 	 	 0.000000
 0.2500	 0.001894	-0.245902	 0.000000	 0.000000	 0.000000
 0.2750	 	 	 	 	 0.000000
 0.3000	-0.009947	-0.203629	 0.000000	 0.000000	 0.000000
 0.3250	 	 	 	 	 0.000000
 0.3500	-0.016253	-0.035387	 0.000000	 0.000000	 0.000000
 0.3750	 	 	 	 	 0.000000
 0.4000	-0.012774	 0.166998	 0.000000	 0.000000	 0.000000
 0.4250	 	 	 	 	 0.000000
 0.4500	-0.000990	 0.278345	 0.000000	 0.000000	 0.000000
 0.4750	 	 	 	 	 0.000000
 0.5000	 0.012138	 0.217087	 0.000000	 0.000000	 0.000000
 0.5250	 	 	 	 	 0.000000
 0.5500	 0.018064	 0.006132	 0.000000	 0.000000	 0.000000
 0.5750	 	 	 	 	 0.000000
 0.6000	 0.012203	-0.226892	 0.000000	 0.000000	 0.000000
 0.6250	 	 	 	 	 0.000000
 0.6500	-0.002411	-0.322456	 0.000000	 0.000000	 0.000000
 0.6750	 	 	 	 	 0.000000
 0.7000	-0.016259	-0.197145	 0.000000	 0.000000	 0.000000
 0.7250	 	 	 	 	 0.000000
 0.7500	-0.019311	 0.083032	 0.000000	 0.000000	 0.000000
 0.7750	 	 	 	 	 0.000000
 0.8000	-0.008353	 0.327095	 0.000000	 0.000000	 0.000000
 0.8250	 	 	 	 	 0.000000
 0.8500	 0.009650	 0.345318	 0.000000	 0.000000	 0.000000
 0.8750	 	 	 	 	 0.000000
 0.9000	 0.021510	 0.096813	 0.000000	 0.000000	 0.000000
 0.9250	 	 	 	 	 0.000000
 0.9500	 0.017348	-0.251270	 0.000000	 0.000000	 0.000000
 0.9750	 	 	 	 	 0.000000
 1.0000	-0.000824	-0.421728	 0.000000	 0.000000	 0.000000


 -------- Mode No.  16  (freq = 0.48451E+02 Hz)

span_loc	s-s disp	s-s slope	f-a disp	f-a slope	twist

 0.0000	 0.000000	 0.000000	 0.000000	 0.000000	 0.000000
 0.0250	 	 	 	 	 0.000000
 0.0500	 0.000000	 0.000000	 0.004316	 0.145337	 0.000000
 0.0750	 	 	 	 	 0.000000
 0.1000	 0.000000	 0.000000	 0.011993	 0.137451	 0.000000
 0.1250	 	 	 	 	 0.000000
 0.1500	 0.000000	 0.000000	 0.016002	 0.010334	 0.000000
 0.1750	 	 	 	 	 0.000000
 0.2000	 0.000000	 0.000000	 0.012340	-0.151828	 0.000000
 0.2250	 	 	 	 	 0.000000
 0.2500	 0.000000	 0.000000	 0.001894	-0.245902	 0.000000
 0.2750	 	 	 	 	 0.000000
 0.3000	 0.000000	 0.000000	-0.009947	-0.203629	 0.000000
 0.3250	 	 	 	 	 0.000000
 0.3500	 0.000000	 0.000000	-0.016253	-0.035387	 0.000000
 0.3750	 	 	 	 	 0.000000
 0.4000	 0.000000	 0.000000	-0.012774	 0.166998	 0.000000
 0.4250	 	 	 	 	 0.000000
 0.4500	 0.000000	 0.000000	-0.000990	 0.278345	 0.000000
 0.4750	 	 	 	 	 0.000000
 0.5000	 0.000000	 0.000000	 0.012138	 0.217087	 0.000000
 0.5250	 	 	 	 	 0.000000
 0.5500	 0.000000	 0.000000	 0.018064	 0.006132	 0.000000
 0.5750	 	 	 	 	 0.000000
 0.6000	 0.000000	 0.000000	 0.012203	-0.226892	 0.000000
 0.6250	 	 	 	 	 0.000000
 0.6500	 0.000000	 0.000000	-0.002411	-0.322456	 0.000000
 0.6750	 	 	 	 	 0.000000
 0.7000	 0.000000	 0.000000	-0.016259	-0.197145	 0.000000
 0.7250	 	 	 	 	 0.000000
 0.7500	 0.000000	 0.000000	-0.019311	 0.083032	 0.000000
 0.7750	 	 	 	 	 0.000000
 0.8000	 0.000000	 0.000000	-0.008353	 0.327095	 0.000000
 0.8250	 	 	 	 	 0.000000
 0.8500	 0.000000	 0.000000	 0.009650	 0.345318	 0.000000
 0.8750	 	 	 	 	 0.000000
 0.9000	 0.000000	 0.000000	 0.021510	 0.096813	 0.000000
 0.9250	 	 	 	 	 0.000000
 0.9500	 0.000000	 0.000000	 0.017348	-0.251270	 0.000000
 0.9750	 	 	 	 	 0.000000
 1.0000	 0.000000	 0.000000	-0.000824	-0.421728	 0.000000


 -------- Mode No.  17  (freq = 0.58792E+02 Hz)

span_loc	s-s disp	s-s slope	f-a disp	f-a slope	twist

 0.0000	 0.000000	 0.000000	 0.000000	 0.000000	 0.000000
 0.0250	 	 	 	 	-0.027259
 0.0500	 0.000000	 0.000000	 0.000000	 0.000000	-0.053627
 0.0750	 	 	 	 	-0.080017
 0.1000	 0.000000	 0.000000	 0.000000	 0.000000	-0.103746
 0.1250	 	 	 	 	-0.125579
 0.1500	 0.000000	 0.000000	 0.000000	 0.000000	-0.143162
 0.1750	 	 	 	 	-0.156973
 0.2000	 0.000000	 0.000000	 0.000000	 0.000000	-0.165370
 0.2250	 	 	 	 	-0.168423
 0.2500	 0.000000	 0.000000	 0.000000	 0.000000	-0.165556
 0.2750	 	 	 	 	-0.156366
 0.3000	 0.000000	 0.000000	 0.000000	 0.000000	-0.141577
 0.3250	 	 	 	 	-0.120321
 0.3500	 0.000000	 0.000000	 0.000000	 0.000000	-0.094675
 0.3750	 	 	 	 	-0.063400
 0.4000	 0.000000	 0.000000	 0.000000	 0.000000	-0.029769
 0.4250	 	 	 	 	 0.007731
 0.4500	 0.000000	 0.000000	 0.000000	 0.000000	 0.044938
 0.4750	 	 	 	 	 0.083439
 0.5000	 0.000000	 0.000000	 0.000000	 0.000000	 0.118715
 0.5250	 	 	 	 	 0.152163
 0.5500	 0.000000	 0.000000	 0.000000	 0.000000	 0.179602
 0.5750	 	 	 	 	 0.201960
 0.6000	 0.000000	 0.000000	 0.000000	 0.000000	 0.216163
 0.6250	 	 	 	 	 0.222402
 0.6500	 0.000000	 0.000000	 0.000000	 0.000000	 0.219460
 0.6750	 	 	 	 	 0.206683
 0.7000	 0.000000	 0.000000	 0.000000	 0.000000	 0.185192
 0.7250	 	 	 	 	 0.153436
 0.7500	 0.000000	 0.000000	 0.000000	 0.000000	 0.115062
 0.7750	 	 	 	 	 0.067718
 0.8000	 0.000000	 0.000000	 0.000000	 0.000000	 0.017380
 0.8250	 	 	 	 	-0.038709
 0.8500	 0.000000	 0.000000	 0.000000	 0.000000	-0.093044
 0.8750	 	 	 	 	-0.148285
 0.9000	 0.000000	 0.000000	 0.000000	 0.000000	-0.196646
 0.9250	 	 	 	 	-0.240209
 0.9500	 0.000000	 0.000000	 0.000000	 0.000000	-0.272353
 0.9750	 	 	 	 	-0.294032
 1.0000	 0.000000	 0.000000	 0.000000	 0.000000	-0.301385


 -------- Mode No.  18  (freq = 0.68537E+02 Hz)

span_loc	s-s disp	s-s slope	f-a disp	f-a slope	twist

 0.0000	 0.000000	 0.000000	 0.000000	 0.000000	 0.000000
 0.0250	 	 	 	 	 0.000000
 0.0500	 0.004802	 0.153662	 0.000000	 0.000000	 0.000000
 0.0750	 	 	 	 	 0.000000
 0.1000	 0.011847	 0.097876	 0.000000	 0.000000	 0.000000
 0.1250	 	 	 	 	 0.000000
 0.1500	 0.012399	-0.082113	 0.000000	 0.000000	 0.000000
 0.1750	 	 	 	 	 0.000000
 0.2000	 0.004127	-0.227359	 0.000000	 0.000000	 0.000000
 0.2250	 	 	 	 	 0.000000
 0.2500	-0.007502	-0.204920	 0.000000	 0.000000	 0.000000
 0.2750	 	 	 	 	 0.000000
 0.3000	-0.013386	-0.013310	 0.000000	 0.000000	 0.000000
 0.3250	 	 	 	 	 0.000000
 0.3500	-0.008267	 0.202705	 0.000000	 0.000000	 0.000000
 0.3750	 	 	 	 	 0.000000
 0.4000	 0.004247	 0.259366	 0.000000	 0.000000	 0.000000
 0.4250	 	 	 	 	 0.000000
 0.4500	 0.013768	 0.091437	 0.000000	 0.000000	 0.000000
 0.4750	 	 	 	 	 0.000000
 0.5000	 0.011576	-0.172332	 0.000000	 0.000000	 0.000000
 0.5250	 	 	 	 	 0.000000
 0.5500	-0.001267	-0.299378	 0.000000	 0.000000	 0.000000
 0.5750	 	 	 	 	 0.000000
 0.6000	-0.013702	-0.156223	 0.000000	 0.000000	 0.000000
 0.6250	 	 	 	 	 0.000000
 0.6500	-0.013911	 0.148871	 0.000000	 0.000000	 0.000000
 0.6750	 	 	 	 	 0.000000
 0.7000	-0.000659	 0.334789	 0.000000	 0.000000	 0.000000
 0.7250	 	 	 	 	 0.000000
 0.7500	 0.014084	 0.201702	 0.000000	 0.000000	 0.000000
 0.7750	 	 	 	 	 0.000000
 0.8000	 0.015522	-0.149904	 0.000000	 0.000000	 0.000000
 0.8250	 	 	 	 	 0.000000
 0.8500	 0.000981	-0.377160	 0.000000	 0.000000	 0.000000
 0.8750	 	 	 	 	 0.000000
 0.9000	-0.015613	-0.222262	 0.000000	 0.000000	 0.000000
 0.9250	 	 	 	 	 0.000000
 0.9500	-0.016513	 0.189727	 0.000000	 0.000000	 0.000000
 0.9750	 	 	 	 	 0.000000
 1.0000	 0.000579	 0.422356	 0.000000	 0.000000	 0.000000


 -------- Mode No.  19  (freq = 0.68539E+02 Hz)

span_loc	s-s disp	s-s slope	f-a disp	f-a slope	twist

 0.0000	 0.000000	 0.000000	 0.000000	 0.000000	 0.000000
 0.0250	 	 	 	 	 0.000000
 0.0500	 0.000000	 0.000000	 0.004802	 0.153662	 0.000000
 0.0750	 	 	 	 	 0.000000
 0.1000	 0.000000	 0.000000	 0.011847	 0.097876	 0.000000
 0.1250	 	 	 	 	 0.000000
 0.1500	 0.000000	 0.000000	 0.012399	-0.082113	 0.000000
 0.1750	 	 	 	 	 0.000000
 0.2000	 0.000000	 0.000000	 0.004127	-0.227359	 0.000000
 0.2250	 	 	 	 	 0.000000
 0.2500	 0.000000	 0.000000	-0.007502	-0.204920	 0.000000
 0.2750	 	 	 	 	 0.000000
 0.3000	 0.000000	 0.000000	-0.013386	-0.013310	 0.000000
 0.3250	 	 	 	 	 0.000000
 0.3500	 0.000000	 0.000000	-0.008267	 0.202705	 0.000000
 0.3750	 	 	 	 	 0.000000
 0.4000	 0.000000	 0.000000	 0.004247	 0.259366	 0.000000
 0.4250	 	 	 	 	 0.000000
 0.4500	 0.000000	 0.000000	 0.013768	 0.091437	 0.000000
 0.4750	 	 	 	 	 0.000000
 0.5000	 0.000000	 0.000000	 0.011576	-0.172332	 0.000000
 0.5250	 	 	 	 	 0.000000
 0.5500	 0.000000	 0.000000	-0.001267	-0.299378	 0.000000
 0.5750	 	 	 	 	 0.000000
 0.6000	 0.000000	 0.000000	-0.013702	-0.156223	 0.000000
 0.6250	 	 	 	 	 0.000000
 0.6500	 0.000000	 0.000000	-0.013911	 0.148871	 0.000000
 0.6750	 	 	 	 	 0.000000
 0.7000	 0.000000	 0.000000	-0.000659	 0.334789	 0.000000
 0.7250	 	 	 	 	 0.000000
 0.7500	 0.000000	 0.000000	 0.014084	 0.201702	 0.000000
 0.7750	 	 	 	 	 0.000000
 0.8000	 0.000000	 0.000000	 0.015522	-0.149904	 0.000000
 0.8250	 	 	 	 	 0.000000
 0.8500	 0.000000	 0.000000	 0.000981	-0.377160	 0.000000
 0.8750	 	 	 	 	 0.000000
 0.9000	 0.000000	 0.000000	-0.015613	-0.222262	 0.000000
 0.9250	 	 	 	 	 0.000000
 0.9500	 0.000000	 0.000000	-0.016513	 0.189727	 0.000000
 0.9750	 	 	 	 	 0.000000
 1.0000	 0.000000	 0.000000	 0.000579	 0.422356	 0.000000


 -------- Mode No.  20  (freq = 0.71785E+02 Hz)

span_loc	s-s disp	s-s slope	f-a disp	f-a slope	twist

 0.0000	 0.000000	 0.000000	 0.000000	 0.000000	 0.000000
 0.0250	 	 	 	 	 0.000000
 0.0500	 0.000000	 0.000000	 0.000000	 0.000000	 0.000000
 0.0750	 	 	 	 	 0.000000
 0.1000	 0.000000	 0.000000	 0.000000	 0.000000	 0.000000
 0.1250	 	 	 	 	 0.000000
 0.1500	 0.000000	 0.000000	 0.000000	 0.000000	 0.000000
 0.1750	 	 	 	 	 0.000000
 0.2000	 0.000000	 0.000000	 0.000000	 0.000000	 0.000000
 0.2250	 	 	 	 	 0.000000
 0.2500	 0.000000	 0.000000	 0.000000	 0.000000	 0.000000
 0.2750	 	 	 	 	 0.000000
 0.3000	 0.000000	 0.000000	 0.000000	 0.000000	 0.000000
 0.3250	 	 	 	 	 0.000000
 0.3500	 0.000000	 0.000000	 0.000000	 0.000000	 0.000000
 0.3750	 	 	 	 	 0.000000
 0.4000	 0.000000	 0.000000	 0.000000	 0.000000	 0.000000
 0.4250	 	 	 	 	 0.000000
 0.4500	 0.000000	 0.000000	 0.000000	 0.000000	 0.000000
 0.4750	 	 	 	 	 0.000000
 0.5000	 0.000000	 0.000000	 0.000000	 0.000000	 0.000000
 0.5250	 	 	 	 	 0.000000
 0.5500	 0.000000	 0.000000	 0.000000	 0.000000	 0.000000
 0.5750	 	 	 	 	 0.000000
 0.6000	 0.000000	 0.000000	 0.000000	 0.000000	 0.000000
 0.6250	 	 	 	 	 0.000000
 0.6500	 0.000000	 0.000000	 0.000000	 0.000000	 0.000000
 0.6750	 	 	 	 	 0.000000
 0.7000	 0.000000	 0.000000	 0.000000	 0.000000	 0.000000
 0.7250	 	 	 	 	 0.000000
 0.7500	 0.000000	 0.000000	 0.000000	 0.000000	 0.000000
 0.7750	 	 	 	 	 0.000000
 0.8000	 0.000000	 0.000000	 0.000000	 0.000000	 0.000000
 0.8250	 	 	 	 	 0.000000
 0.8500	 0.000000	 0.000000	 0.000000	 0.000000	 0.000000
 0.8750	 	 	 	 	 0.000000
 0.9000	 0.000000	 0.000000	 0.000000	 0.000000	 0.000000
 0.9250	 	 	 	 	 0.000000
 0.9500	 0.000000	 0.000000	 0.000000	 0.000000	 0.000000
 0.9750	 	 	 	 	 0.000000
 1.0000	 0.000000	 0.000000	 0.000000	 0.000000	 0.000000
=================================================================================
