Results generated by BModes (v1.03.01, 25-Sept-2007, compiled using double precision) on 02-May-2016 at 10:27:33.
Sample non-uniform blade (output is space-delimited)                                               
=================================================================================

            rotating blade frequencies & mode shapes
            --- only first  20 modes printed


 -------- Mode No.   1  (freq = 0.74401E+00 Hz)

span_loc	flap disp	flap slope	lag disp	lag slope	twist

 0.0000	 0.000000	 0.000000	 0.000000	 0.000000	 0.000000
 0.0250	 	 	 	 	-0.000048
 0.0500	 0.000053	 0.002198	 0.000007	 0.000308	-0.000097
 0.0750	 	 	 	 	-0.000185
 0.1000	 0.000256	 0.006273	 0.000038	 0.000970	-0.000274
 0.1250	 	 	 	 	-0.000484
 0.1500	 0.000716	 0.012916	 0.000111	 0.002058	-0.000696
 0.1750	 	 	 	 	-0.000989
 0.2000	 0.001512	 0.020376	 0.000240	 0.003334	-0.001284
 0.2250	 	 	 	 	-0.003199
 0.2500	 0.002743	 0.031093	 0.000443	 0.005131	-0.005102
 0.2750	 	 	 	 	-0.007339
 0.3000	 0.004514	 0.042964	 0.000734	 0.007025	-0.009555
 0.3250	 	 	 	 	-0.011912
 0.3500	 0.006865	 0.055426	 0.001115	 0.008923	-0.014231
 0.3750	 	 	 	 	-0.016819
 0.4000	 0.009838	 0.068980	 0.001589	 0.010883	-0.019352
 0.4250	 	 	 	 	-0.021796
 0.4500	 0.013511	 0.084679	 0.002160	 0.013000	-0.024173
 0.4750	 	 	 	 	-0.027014
 0.5000	 0.018011	 0.103582	 0.002838	 0.015332	-0.029760
 0.5250	 	 	 	 	-0.032930
 0.5500	 0.023515	 0.126526	 0.003633	 0.017864	-0.035939
 0.5750	 	 	 	 	-0.039583
 0.6000	 0.030229	 0.154070	 0.004552	 0.020537	-0.043018
 0.6250	 	 	 	 	-0.047307
 0.6500	 0.038392	 0.186901	 0.005601	 0.023277	-0.051278
 0.6750	 	 	 	 	-0.056432
 0.7000	 0.048296	 0.226547	 0.006781	 0.026026	-0.061132
 0.7250	 	 	 	 	-0.066817
 0.7500	 0.060075	 0.265186	 0.008080	 0.028257	-0.071897
 0.7750	 	 	 	 	-0.077837
 0.8000	 0.073561	 0.298041	 0.009470	 0.029866	-0.082986
 0.8250	 	 	 	 	-0.089407
 0.8500	 0.088472	 0.324844	 0.010923	 0.030964	-0.094788
 0.8750	 	 	 	 	-0.100199
 0.9000	 0.104460	 0.343303	 0.012415	 0.031531	-0.104357
 0.9250	 	 	 	 	-0.108604
 0.9500	 0.121106	 0.352915	 0.013925	 0.031733	-0.111354
 0.9750	 	 	 	 	-0.116000
 1.0000	 0.138082	 0.357189	 0.015440	 0.031790	-0.117598


 -------- Mode No.   2  (freq = 0.11998E+01 Hz)

span_loc	flap disp	flap slope	lag disp	lag slope	twist

 0.0000	 0.000000	 0.000000	 0.000000	 0.000000	 0.000000
 0.0250	 	 	 	 	 0.000005
 0.0500	-0.000022	-0.000886	 0.000211	 0.008708	 0.000006
 0.0750	 	 	 	 	 0.000010
 0.1000	-0.000082	-0.001674	 0.000923	 0.020993	-0.000014
 0.1250	 	 	 	 	-0.000041
 0.1500	-0.000191	-0.002883	 0.002396	 0.040505	-0.000078
 0.1750	 	 	 	 	-0.000163
 0.2000	-0.000345	-0.003645	 0.004774	 0.058921	-0.000197
 0.2250	 	 	 	 	-0.000550
 0.2500	-0.000533	-0.004254	 0.008108	 0.080534	-0.000749
 0.2750	 	 	 	 	-0.001019
 0.3000	-0.000759	-0.005238	 0.012489	 0.102765	-0.001317
 0.3250	 	 	 	 	-0.001578
 0.3500	-0.001033	-0.006369	 0.017907	 0.124050	-0.001715
 0.3750	 	 	 	 	-0.001820
 0.4000	-0.001367	-0.007721	 0.024313	 0.144116	-0.001839
 0.4250	 	 	 	 	-0.001884
 0.4500	-0.001778	-0.009512	 0.031652	 0.163244	-0.001581
 0.4750	 	 	 	 	-0.000833
 0.5000	-0.002293	-0.012252	 0.039893	 0.181848	 0.000138
 0.5250	 	 	 	 	 0.001121
 0.5500	-0.002984	-0.016778	 0.048992	 0.199190	 0.002073
 0.5750	 	 	 	 	 0.003268
 0.6000	-0.003939	-0.023178	 0.058912	 0.216263	 0.004759
 0.6250	 	 	 	 	 0.006362
 0.6500	-0.005296	-0.033287	 0.069650	 0.233392	 0.007619
 0.6750	 	 	 	 	 0.009623
 0.7000	-0.007226	-0.047365	 0.081175	 0.249173	 0.011352
 0.7250	 	 	 	 	 0.013651
 0.7500	-0.009869	-0.062913	 0.093410	 0.263118	 0.015899
 0.7750	 	 	 	 	 0.018567
 0.8000	-0.013240	-0.077592	 0.106270	 0.275403	 0.021043
 0.8250	 	 	 	 	 0.024261
 0.8500	-0.017277	-0.090632	 0.119677	 0.286000	 0.027113
 0.8750	 	 	 	 	 0.029970
 0.9000	-0.021858	-0.100196	 0.133486	 0.292436	 0.032204
 0.9250	 	 	 	 	 0.034720
 0.9500	-0.026787	-0.105513	 0.147517	 0.295637	 0.036226
 0.9750	 	 	 	 	 0.038980
 1.0000	-0.031903	-0.108082	 0.161662	 0.297485	 0.039925


 -------- Mode No.   3  (freq = 0.21020E+01 Hz)

span_loc	flap disp	flap slope	lag disp	lag slope	twist

 0.0000	 0.000000	 0.000000	 0.000000	 0.000000	 0.000000
 0.0250	 	 	 	 	 0.000198
 0.0500	-0.000085	-0.003468	-0.000001	-0.000024	 0.000379
 0.0750	 	 	 	 	 0.000739
 0.1000	-0.000396	-0.009467	-0.000010	-0.000366	 0.001042
 0.1250	 	 	 	 	 0.001836
 0.1500	-0.001067	-0.018435	-0.000040	-0.000859	 0.002598
 0.1750	 	 	 	 	 0.003622
 0.2000	-0.002170	-0.027480	-0.000099	-0.001537	 0.004682
 0.2250	 	 	 	 	 0.011401
 0.2500	-0.003758	-0.038680	-0.000195	-0.002422	 0.018080
 0.2750	 	 	 	 	 0.025726
 0.3000	-0.005857	-0.048768	-0.000328	-0.003061	 0.033111
 0.3250	 	 	 	 	 0.040668
 0.3500	-0.008383	-0.056585	-0.000485	-0.003429	 0.047908
 0.3750	 	 	 	 	 0.055637
 0.4000	-0.011218	-0.061631	-0.000649	-0.003400	 0.062807
 0.4250	 	 	 	 	 0.069309
 0.4500	-0.014208	-0.062947	-0.000803	-0.002953	 0.075578
 0.4750	 	 	 	 	 0.082761
 0.5000	-0.017127	-0.058650	-0.000921	-0.001950	 0.089310
 0.5250	 	 	 	 	 0.096093
 0.5500	-0.019639	-0.045827	-0.000971	-0.000135	 0.101823
 0.5750	 	 	 	 	 0.107621
 0.6000	-0.021233	-0.020263	-0.000912	 0.002579	 0.111964
 0.6250	 	 	 	 	 0.115753
 0.6500	-0.021177	 0.022900	-0.000697	 0.006348	 0.117703
 0.6750	 	 	 	 	 0.118291
 0.7000	-0.018428	 0.091510	-0.000274	 0.011157	 0.117181
 0.7250	 	 	 	 	 0.113743
 0.7500	-0.012025	 0.174540	 0.000376	 0.015843	 0.108839
 0.7750	 	 	 	 	 0.100839
 0.8000	-0.001598	 0.258569	 0.001233	 0.019792	 0.092068
 0.8250	 	 	 	 	 0.078891
 0.8500	 0.012755	 0.337304	 0.002258	 0.022771	 0.066179
 0.8750	 	 	 	 	 0.051646
 0.9000	 0.030460	 0.398030	 0.003394	 0.024531	 0.039245
 0.9250	 	 	 	 	 0.025605
 0.9500	 0.050432	 0.432517	 0.004583	 0.025156	 0.015956
 0.9750	 	 	 	 	-0.001227
 1.0000	 0.071634	 0.448774	 0.005791	 0.025441	-0.007435


 -------- Mode No.   4  (freq = 0.43387E+01 Hz)

span_loc	flap disp	flap slope	lag disp	lag slope	twist

 0.0000	 0.000000	 0.000000	 0.000000	 0.000000	 0.000000
 0.0250	 	 	 	 	 0.000281
 0.0500	-0.000039	-0.001576	-0.000256	-0.010395	 0.000559
 0.0750	 	 	 	 	 0.001096
 0.1000	-0.000197	-0.004878	-0.001075	-0.023470	 0.001657
 0.1250	 	 	 	 	 0.002939
 0.1500	-0.000539	-0.009202	-0.002630	-0.040934	 0.004204
 0.1750	 	 	 	 	 0.005977
 0.2000	-0.001076	-0.012952	-0.004909	-0.053762	 0.007635
 0.2250	 	 	 	 	 0.018152
 0.2500	-0.001779	-0.015929	-0.007738	-0.063777	 0.027980
 0.2750	 	 	 	 	 0.038863
 0.3000	-0.002554	-0.016034	-0.010905	-0.067908	 0.048729
 0.3250	 	 	 	 	 0.058265
 0.3500	-0.003250	-0.012682	-0.014101	-0.065099	 0.066453
 0.3750	 	 	 	 	 0.074253
 0.4000	-0.003692	-0.005516	-0.016996	-0.055385	 0.080435
 0.4250	 	 	 	 	 0.084922
 0.4500	-0.003680	 0.006116	-0.019255	-0.038645	 0.087414
 0.4750	 	 	 	 	 0.088484
 0.5000	-0.002981	 0.022870	-0.020526	-0.014260	 0.087751
 0.5250	 	 	 	 	 0.085330
 0.5500	-0.001367	 0.043747	-0.020476	 0.016446	 0.081559
 0.5750	 	 	 	 	 0.075700
 0.6000	 0.001255	 0.064021	-0.018779	 0.054327	 0.069078
 0.6250	 	 	 	 	 0.060083
 0.6500	 0.004671	 0.075758	-0.015078	 0.099807	 0.051868
 0.6750	 	 	 	 	 0.041381
 0.7000	 0.008124	 0.064894	-0.009119	 0.148410	 0.032701
 0.7250	 	 	 	 	 0.024091
 0.7500	 0.010251	 0.021070	-0.000841	 0.196507	 0.018686
 0.7750	 	 	 	 	 0.016122
 0.8000	 0.009561	-0.050483	 0.009709	 0.243155	 0.017544
 0.8250	 	 	 	 	 0.024676
 0.8500	 0.004931	-0.140090	 0.022457	 0.287806	 0.035162
 0.8750	 	 	 	 	 0.050784
 0.9000	-0.003952	-0.224577	 0.036963	 0.317026	 0.066798
 0.9250	 	 	 	 	 0.087112
 0.9500	-0.016237	-0.280071	 0.052530	 0.332626	 0.102917
 0.9750	 	 	 	 	 0.133619
 1.0000	-0.030613	-0.308859	 0.068672	 0.340353	 0.145209


 -------- Mode No.   5  (freq = 0.47816E+01 Hz)

span_loc	flap disp	flap slope	lag disp	lag slope	twist

 0.0000	 0.000000	 0.000000	 0.000000	 0.000000	 0.000000
 0.0250	 	 	 	 	-0.000452
 0.0500	 0.000129	 0.005222	-0.000046	-0.001870	-0.000905
 0.0750	 	 	 	 	-0.001736
 0.1000	 0.000577	 0.013227	-0.000182	-0.003744	-0.002565
 0.1250	 	 	 	 	-0.004514
 0.1500	 0.001470	 0.023622	-0.000422	-0.006246	-0.006436
 0.1750	 	 	 	 	-0.009044
 0.2000	 0.002808	 0.031796	-0.000760	-0.007842	-0.011559
 0.2250	 	 	 	 	-0.027381
 0.2500	 0.004499	 0.038124	-0.001164	-0.009024	-0.042271
 0.2750	 	 	 	 	-0.058554
 0.3000	 0.006358	 0.038776	-0.001614	-0.009729	-0.073220
 0.3250	 	 	 	 	-0.087045
 0.3500	 0.008084	 0.032631	-0.002083	-0.009823	-0.098707
 0.3750	 	 	 	 	-0.109330
 0.4000	 0.009332	 0.018918	-0.002542	-0.009317	-0.117139
 0.4250	 	 	 	 	-0.122132
 0.4500	 0.009702	-0.003764	-0.002965	-0.008262	-0.124503
 0.4750	 	 	 	 	-0.124326
 0.5000	 0.008736	-0.036371	-0.003321	-0.006437	-0.121309
 0.5250	 	 	 	 	-0.114655
 0.5500	 0.005992	-0.077052	-0.003570	-0.003689	-0.105515
 0.5750	 	 	 	 	-0.091371
 0.6000	 0.001237	-0.118777	-0.003639	 0.001130	-0.075727
 0.6250	 	 	 	 	-0.053963
 0.6500	-0.005246	-0.147215	-0.003395	 0.009395	-0.032704
 0.6750	 	 	 	 	-0.005072
 0.7000	-0.012246	-0.138190	-0.002666	 0.021343	 0.018989
 0.7250	 	 	 	 	 0.044969
 0.7500	-0.017363	-0.069365	-0.001282	 0.036424	 0.063827
 0.7750	 	 	 	 	 0.079005
 0.8000	-0.017790	 0.053465	 0.000868	 0.052965	 0.084776
 0.8250	 	 	 	 	 0.081449
 0.8500	-0.011302	 0.212980	 0.003812	 0.069164	 0.069431
 0.8750	 	 	 	 	 0.047141
 0.9000	 0.002856	 0.366682	 0.007404	 0.079993	 0.021880
 0.9250	 	 	 	 	-0.012420
 0.9500	 0.023235	 0.468789	 0.011373	 0.085285	-0.039794
 0.9750	 	 	 	 	-0.094844
 1.0000	 0.047471	 0.522107	 0.015522	 0.087641	-0.115829


 -------- Mode No.   6  (freq = 0.82471E+01 Hz)

span_loc	flap disp	flap slope	lag disp	lag slope	twist

 0.0000	 0.000000	 0.000000	 0.000000	 0.000000	 0.000000
 0.0250	 	 	 	 	 0.000668
 0.0500	-0.000116	-0.004645	-0.000030	-0.001196	 0.001336
 0.0750	 	 	 	 	 0.002560
 0.1000	-0.000506	-0.011278	-0.000129	-0.002864	 0.003773
 0.1250	 	 	 	 	 0.006601
 0.1500	-0.001230	-0.018336	-0.000313	-0.004644	 0.009349
 0.1750	 	 	 	 	 0.012985
 0.2000	-0.002203	-0.021638	-0.000559	-0.005458	 0.016364
 0.2250	 	 	 	 	 0.036578
 0.2500	-0.003210	-0.019500	-0.000813	-0.004978	 0.054356
 0.2750	 	 	 	 	 0.071992
 0.3000	-0.003936	-0.010056	-0.001006	-0.002909	 0.085787
 0.3250	 	 	 	 	 0.096265
 0.3500	-0.004052	 0.005592	-0.001068	 0.000379	 0.102342
 0.3750	 	 	 	 	 0.104375
 0.4000	-0.003301	 0.025630	-0.000953	 0.004389	 0.101897
 0.4250	 	 	 	 	 0.095720
 0.4500	-0.001533	 0.047217	-0.000640	 0.008485	 0.086796
 0.4750	 	 	 	 	 0.073582
 0.5000	 0.001187	 0.064287	-0.000149	 0.011685	 0.059424
 0.5250	 	 	 	 	 0.042733
 0.5500	 0.004392	 0.066566	 0.000444	 0.012683	 0.027960
 0.5750	 	 	 	 	 0.013116
 0.6000	 0.007076	 0.042511	 0.001007	 0.010498	 0.003723
 0.6250	 	 	 	 	-0.000788
 0.6500	 0.007786	-0.013656	 0.001377	 0.004926	 0.002787
 0.6750	 	 	 	 	 0.018173
 0.7000	 0.005133	-0.092378	 0.001418	-0.002881	 0.041515
 0.7250	 	 	 	 	 0.079572
 0.7500	-0.000692	-0.139684	 0.001103	-0.009661	 0.119644
 0.7750	 	 	 	 	 0.169502
 0.8000	-0.006930	-0.108170	 0.000523	-0.013996	 0.210490
 0.8250	 	 	 	 	 0.252842
 0.8500	-0.009286	 0.016599	-0.000214	-0.016508	 0.276225
 0.8750	 	 	 	 	 0.282444
 0.9000	-0.004029	 0.195793	-0.001024	-0.017376	 0.270594
 0.9250	 	 	 	 	 0.238804
 0.9500	 0.009418	 0.344077	-0.001873	-0.018195	 0.205136
 0.9750	 	 	 	 	 0.124108
 1.0000	 0.028904	 0.431628	-0.002771	-0.019050	 0.090448


 -------- Mode No.   7  (freq = 0.10118E+02 Hz)

span_loc	flap disp	flap slope	lag disp	lag slope	twist

 0.0000	 0.000000	 0.000000	 0.000000	 0.000000	 0.000000
 0.0250	 	 	 	 	-0.000050
 0.0500	-0.000092	-0.003689	 0.000480	 0.019142	-0.000102
 0.0750	 	 	 	 	-0.000199
 0.1000	-0.000362	-0.007386	 0.001909	 0.039349	-0.000294
 0.1250	 	 	 	 	-0.000507
 0.1500	-0.000817	-0.011273	 0.004327	 0.059708	-0.000698
 0.1750	 	 	 	 	-0.000925
 0.2000	-0.001401	-0.012866	 0.007388	 0.066449	-0.001100
 0.2250	 	 	 	 	-0.002125
 0.2500	-0.002013	-0.012396	 0.010441	 0.059271	-0.003050
 0.2750	 	 	 	 	-0.004121
 0.3000	-0.002533	-0.008968	 0.012778	 0.036844	-0.005292
 0.3250	 	 	 	 	-0.006831
 0.3500	-0.002819	-0.002684	 0.013745	 0.002695	-0.008830
 0.3750	 	 	 	 	-0.011776
 0.4000	-0.002745	 0.005924	 0.012902	-0.038000	-0.015467
 0.4250	 	 	 	 	-0.019939
 0.4500	-0.002212	 0.016264	 0.010065	-0.079808	-0.025164
 0.4750	 	 	 	 	-0.032411
 0.5000	-0.001168	 0.026801	 0.005309	-0.117240	-0.040165
 0.5250	 	 	 	 	-0.049663
 0.5500	 0.000309	 0.033754	-0.000939	-0.141478	-0.058628
 0.5750	 	 	 	 	-0.068684
 0.6000	 0.001906	 0.031301	-0.007896	-0.146217	-0.076493
 0.6250	 	 	 	 	-0.083075
 0.6500	 0.003008	 0.013217	-0.014399	-0.122092	-0.085340
 0.6750	 	 	 	 	-0.082443
 0.7000	 0.002785	-0.022093	-0.018907	-0.063456	-0.074050
 0.7250	 	 	 	 	-0.056964
 0.7500	 0.000854	-0.054505	-0.019762	 0.028862	-0.036409
 0.7750	 	 	 	 	-0.008009
 0.8000	-0.001968	-0.057146	-0.015406	 0.151247	 0.017841
 0.8250	 	 	 	 	 0.048150
 0.8500	-0.003841	-0.016346	-0.004546	 0.295889	 0.068841
 0.8750	 	 	 	 	 0.081711
 0.9000	-0.002836	 0.056570	 0.012503	 0.407276	 0.083189
 0.9250	 	 	 	 	 0.074249
 0.9500	 0.001657	 0.121776	 0.033792	 0.472697	 0.061243
 0.9750	 	 	 	 	 0.025718
 1.0000	 0.008862	 0.161675	 0.057574	 0.507879	 0.010222


 -------- Mode No.   8  (freq = 0.11589E+02 Hz)

span_loc	flap disp	flap slope	lag disp	lag slope	twist

 0.0000	 0.000000	 0.000000	 0.000000	 0.000000	 0.000000
 0.0250	 	 	 	 	-0.000046
 0.0500	-0.000008	-0.000318	-0.000001	-0.000058	-0.000091
 0.0750	 	 	 	 	-0.000174
 0.1000	-0.000035	-0.000780	-0.000006	-0.000145	-0.000258
 0.1250	 	 	 	 	-0.000460
 0.1500	-0.000086	-0.001306	-0.000016	-0.000239	-0.000670
 0.1750	 	 	 	 	-0.000979
 0.2000	-0.000157	-0.001633	-0.000029	-0.000291	-0.001316
 0.2250	 	 	 	 	-0.003728
 0.2500	-0.000239	-0.001773	-0.000043	-0.000294	-0.006353
 0.2750	 	 	 	 	-0.009711
 0.3000	-0.000322	-0.001670	-0.000056	-0.000241	-0.013302
 0.3250	 	 	 	 	-0.017392
 0.3500	-0.000396	-0.001441	-0.000065	-0.000155	-0.021679
 0.3750	 	 	 	 	-0.026735
 0.4000	-0.000459	-0.001235	-0.000070	-0.000066	-0.031908
 0.4250	 	 	 	 	-0.037107
 0.4500	-0.000517	-0.001233	-0.000072	 0.000004	-0.042362
 0.4750	 	 	 	 	-0.048822
 0.5000	-0.000585	-0.001684	-0.000071	 0.000030	-0.055217
 0.5250	 	 	 	 	-0.062771
 0.5500	-0.000691	-0.002804	-0.000070	-0.000006	-0.070109
 0.5750	 	 	 	 	-0.079195
 0.6000	-0.000867	-0.004548	-0.000072	-0.000077	-0.087918
 0.6250	 	 	 	 	-0.099130
 0.6500	-0.001132	-0.006382	-0.000077	-0.000123	-0.109861
 0.6750	 	 	 	 	-0.124297
 0.7000	-0.001465	-0.007242	-0.000083	-0.000076	-0.138123
 0.7250	 	 	 	 	-0.155791
 0.7500	-0.001787	-0.005979	-0.000082	 0.000097	-0.172576
 0.7750	 	 	 	 	-0.193549
 0.8000	-0.002007	-0.003256	-0.000072	 0.000329	-0.212927
 0.8250	 	 	 	 	-0.238563
 0.8500	-0.002097	-0.000929	-0.000051	 0.000541	-0.261069
 0.8750	 	 	 	 	-0.284561
 0.9000	-0.002128	-0.000820	-0.000022	 0.000655	-0.303017
 0.9250	 	 	 	 	-0.322128
 0.9500	-0.002206	-0.002412	 0.000011	 0.000707	-0.334628
 0.9750	 	 	 	 	-0.355952
 1.0000	-0.002365	-0.003641	 0.000046	 0.000739	-0.363151


 -------- Mode No.   9  (freq = 0.12695E+02 Hz)

span_loc	flap disp	flap slope	lag disp	lag slope	twist

 0.0000	 0.000000	 0.000000	 0.000000	 0.000000	 0.000000
 0.0250	 	 	 	 	-0.000813
 0.0500	 0.000107	 0.004243	 0.000013	 0.000519	-0.001624
 0.0750	 	 	 	 	-0.003106
 0.1000	 0.000449	 0.009583	 0.000058	 0.001299	-0.004565
 0.1250	 	 	 	 	-0.007918
 0.1500	 0.001026	 0.013762	 0.000137	 0.001871	-0.011106
 0.1750	 	 	 	 	-0.015174
 0.2000	 0.001689	 0.013202	 0.000226	 0.001709	-0.018739
 0.2250	 	 	 	 	-0.038383
 0.2500	 0.002158	 0.005641	 0.000279	 0.000428	-0.053631
 0.2750	 	 	 	 	-0.065868
 0.3000	 0.002114	-0.007816	 0.000251	-0.001638	-0.072086
 0.3250	 	 	 	 	-0.072597
 0.3500	 0.001365	-0.023016	 0.000120	-0.003734	-0.067771
 0.3750	 	 	 	 	-0.057504
 0.4000	-0.000054	-0.035013	-0.000097	-0.005097	-0.044238
 0.4250	 	 	 	 	-0.030116
 0.4500	-0.001843	-0.037764	-0.000344	-0.004949	-0.017034
 0.4750	 	 	 	 	-0.004330
 0.5000	-0.003383	-0.024557	-0.000532	-0.002661	 0.003256
 0.5250	 	 	 	 	 0.004928
 0.5500	-0.003814	 0.007108	-0.000558	 0.001563	-0.001220
 0.5750	 	 	 	 	-0.018362
 0.6000	-0.002445	 0.047130	-0.000362	 0.006233	-0.042549
 0.6250	 	 	 	 	-0.080322
 0.6500	 0.000492	 0.068279	 0.000013	 0.008745	-0.118318
 0.6750	 	 	 	 	-0.165635
 0.7000	 0.003151	 0.034134	 0.000399	 0.006733	-0.201471
 0.7250	 	 	 	 	-0.229814
 0.7500	 0.002724	-0.052097	 0.000587	 0.001112	-0.238284
 0.7750	 	 	 	 	-0.227568
 0.8000	-0.001678	-0.118918	 0.000492	-0.004544	-0.203879
 0.8250	 	 	 	 	-0.164631
 0.8500	-0.007063	-0.087344	 0.000174	-0.008097	-0.134362
 0.8750	 	 	 	 	-0.118618
 0.9000	-0.007799	 0.062288	-0.000237	-0.008933	-0.128073
 0.9250	 	 	 	 	-0.169379
 0.9500	-0.000190	 0.234925	-0.000673	-0.009382	-0.220519
 0.9750	 	 	 	 	-0.356660
 1.0000	 0.015181	 0.354234	-0.001146	-0.010119	-0.415578


 -------- Mode No.  10  (freq = 0.17699E+02 Hz)

span_loc	flap disp	flap slope	lag disp	lag slope	twist

 0.0000	 0.000000	 0.000000	 0.000000	 0.000000	 0.000000
 0.0250	 	 	 	 	 0.001631
 0.0500	-0.000188	-0.007335	-0.000099	-0.003892	 0.003254
 0.0750	 	 	 	 	 0.006201
 0.1000	-0.000764	-0.015757	-0.000389	-0.007774	 0.009061
 0.1250	 	 	 	 	 0.015468
 0.1500	-0.001656	-0.020023	-0.000827	-0.009879	 0.021287
 0.1750	 	 	 	 	 0.028135
 0.2000	-0.002519	-0.014765	-0.001264	-0.007864	 0.033309
 0.2250	 	 	 	 	 0.055338
 0.2500	-0.002819	 0.002990	-0.001489	-0.001208	 0.064631
 0.2750	 	 	 	 	 0.060392
 0.3000	-0.002128	 0.025056	-0.001334	 0.007549	 0.042626
 0.3250	 	 	 	 	 0.012329
 0.3500	-0.000530	 0.039282	-0.000786	 0.014754	-0.024306
 0.3750	 	 	 	 	-0.067286
 0.4000	 0.001337	 0.035489	 0.000005	 0.017457	-0.105290
 0.4250	 	 	 	 	-0.133333
 0.4500	 0.002431	 0.007959	 0.000776	 0.014045	-0.148882
 0.4750	 	 	 	 	-0.151010
 0.5000	 0.001694	-0.037394	 0.001238	 0.005074	-0.137392
 0.5250	 	 	 	 	-0.106299
 0.5500	-0.001127	-0.073453	 0.001209	-0.005659	-0.067784
 0.5750	 	 	 	 	-0.019093
 0.6000	-0.004517	-0.058143	 0.000729	-0.013336	 0.018443
 0.6250	 	 	 	 	 0.044323
 0.6500	-0.005340	 0.026921	 0.000025	-0.015337	 0.042211
 0.6750	 	 	 	 	 0.004025
 0.7000	-0.001322	 0.124631	-0.000645	-0.012782	-0.055269
 0.7250	 	 	 	 	-0.139118
 0.7500	 0.004511	 0.092709	-0.001191	-0.010240	-0.201777
 0.7750	 	 	 	 	-0.234193
 0.8000	 0.005071	-0.072003	-0.001559	-0.004384	-0.209862
 0.8250	 	 	 	 	-0.109472
 0.8500	-0.001894	-0.182787	-0.001393	 0.012274	 0.016154
 0.8750	 	 	 	 	 0.156159
 0.9000	-0.007992	-0.034308	-0.000270	 0.033820	 0.239326
 0.9250	 	 	 	 	 0.260651
 0.9500	-0.001457	 0.284974	 0.001799	 0.049946	 0.210862
 0.9750	 	 	 	 	-0.022209
 1.0000	 0.021479	 0.554366	 0.004489	 0.058666	-0.141257


 -------- Mode No.  11  (freq = 0.18397E+02 Hz)

span_loc	flap disp	flap slope	lag disp	lag slope	twist

 0.0000	 0.000000	 0.000000	 0.000000	 0.000000	 0.000000
 0.0250	 	 	 	 	-0.000688
 0.0500	 0.000211	 0.008256	-0.000584	-0.022848	-0.001366
 0.0750	 	 	 	 	-0.002584
 0.1000	 0.000816	 0.016149	-0.002199	-0.042531	-0.003763
 0.1250	 	 	 	 	-0.006422
 0.1500	 0.001722	 0.020368	-0.004573	-0.053410	-0.008861
 0.1750	 	 	 	 	-0.011787
 0.2000	 0.002624	 0.016244	-0.006973	-0.044429	-0.014060
 0.2250	 	 	 	 	-0.023261
 0.2500	 0.003084	 0.002171	-0.008445	-0.015198	-0.026370
 0.2750	 	 	 	 	-0.022540
 0.3000	 0.002725	-0.016913	-0.008171	 0.027019	-0.011901
 0.3250	 	 	 	 	 0.005560
 0.3500	 0.001509	-0.032398	-0.005839	 0.069070	 0.026683
 0.3750	 	 	 	 	 0.051716
 0.4000	-0.000189	-0.036284	-0.001766	 0.098251	 0.073908
 0.4250	 	 	 	 	 0.090725
 0.4500	-0.001659	-0.023092	 0.003182	 0.104667	 0.100604
 0.4750	 	 	 	 	 0.102706
 0.5000	-0.002068	 0.006188	 0.007726	 0.081189	 0.094682
 0.5250	 	 	 	 	 0.074612
 0.5500	-0.000948	 0.037255	 0.010409	 0.028250	 0.047598
 0.5750	 	 	 	 	 0.010016
 0.6000	 0.001155	 0.044414	 0.009912	-0.048703	-0.023648
 0.6250	 	 	 	 	-0.056487
 0.6500	 0.002528	 0.008848	 0.005469	-0.131886	-0.072331
 0.6750	 	 	 	 	-0.069772
 0.7000	 0.001379	-0.050764	-0.002277	-0.182036	-0.048235
 0.7250	 	 	 	 	-0.005985
 0.7500	-0.001494	-0.054791	-0.010803	-0.162796	 0.034399
 0.7750	 	 	 	 	 0.069515
 0.8000	-0.002446	 0.020036	-0.016226	-0.055756	 0.077523
 0.8250	 	 	 	 	 0.053093
 0.8500	 0.000506	 0.086872	-0.014215	 0.138571	 0.009311
 0.8750	 	 	 	 	-0.045552
 0.9000	 0.003758	 0.027619	-0.002742	 0.328067	-0.077941
 0.9250	 	 	 	 	-0.079918
 0.9500	 0.001070	-0.130920	 0.016563	 0.458446	-0.047837
 0.9750	 	 	 	 	 0.085922
 1.0000	-0.010040	-0.271425	 0.041170	 0.536436	 0.152807


 -------- Mode No.  12  (freq = 0.22488E+02 Hz)

span_loc	flap disp	flap slope	lag disp	lag slope	twist

 0.0000	 0.000000	 0.000000	 0.000000	 0.000000	 0.000000
 0.0250	 	 	 	 	-0.000712
 0.0500	-0.000111	-0.004474	 0.000467	 0.018713	-0.001211
 0.0750	 	 	 	 	-0.001854
 0.1000	-0.000380	-0.006606	 0.001611	 0.027945	-0.002408
 0.1250	 	 	 	 	-0.004157
 0.1500	-0.000605	-0.002648	 0.002530	 0.008920	-0.006113
 0.1750	 	 	 	 	-0.009284
 0.2000	-0.000657	 0.000046	 0.002452	-0.013086	-0.012871
 0.2250	 	 	 	 	-0.027786
 0.2500	-0.000618	 0.001646	 0.001400	-0.031414	-0.040359
 0.2750	 	 	 	 	-0.053514
 0.3000	-0.000569	 0.000386	-0.000196	-0.035784	-0.066153
 0.3250	 	 	 	 	-0.077180
 0.3500	-0.000639	-0.002807	-0.001611	-0.024173	-0.083889
 0.3750	 	 	 	 	-0.088040
 0.4000	-0.000839	-0.004410	-0.002159	-0.001006	-0.092595
 0.4250	 	 	 	 	-0.093785
 0.4500	-0.001100	-0.005034	-0.001467	 0.026663	-0.093838
 0.4750	 	 	 	 	-0.089425
 0.5000	-0.001243	-0.000523	 0.000474	 0.049561	-0.082900
 0.5250	 	 	 	 	-0.071981
 0.5500	-0.001226	 0.000992	 0.003127	 0.055426	-0.064959
 0.5750	 	 	 	 	-0.059870
 0.6000	-0.001131	 0.002577	 0.005503	 0.038635	-0.056710
 0.6250	 	 	 	 	-0.062171
 0.6500	-0.000985	 0.004650	 0.006402	-0.004569	-0.070167
 0.6750	 	 	 	 	-0.074943
 0.7000	-0.000684	 0.007014	 0.004869	-0.059315	-0.077019
 0.7250	 	 	 	 	-0.074480
 0.7500	-0.000279	 0.010259	 0.000952	-0.100821	-0.066382
 0.7750	 	 	 	 	-0.048233
 0.8000	 0.000220	 0.012634	-0.004160	-0.106141	-0.023865
 0.8250	 	 	 	 	 0.017822
 0.8500	 0.000773	 0.011449	-0.008040	-0.048841	 0.057685
 0.8750	 	 	 	 	 0.102374
 0.9000	 0.001314	 0.010005	-0.008001	 0.049881	 0.141202
 0.9250	 	 	 	 	 0.187276
 0.9500	 0.001599	 0.003274	-0.002858	 0.154436	 0.222651
 0.9750	 	 	 	 	 0.280799
 1.0000	 0.001701	-0.001768	 0.007585	 0.249746	 0.299065


 -------- Mode No.  13  (freq = 0.23343E+02 Hz)

span_loc	flap disp	flap slope	lag disp	lag slope	twist

 0.0000	 0.000000	 0.000000	 0.000000	 0.000000	 0.000000
 0.0250	 	 	 	 	 0.001982
 0.0500	-0.000206	-0.007962	-0.000040	-0.001539	 0.003947
 0.0750	 	 	 	 	 0.007485
 0.1000	-0.000803	-0.015785	-0.000157	-0.003106	 0.010860
 0.1250	 	 	 	 	 0.018195
 0.1500	-0.001629	-0.017001	-0.000319	-0.003286	 0.024510
 0.1750	 	 	 	 	 0.031220
 0.2000	-0.002246	-0.007605	-0.000433	-0.001285	 0.035243
 0.2250	 	 	 	 	 0.043506
 0.2500	-0.002122	 0.012562	-0.000397	 0.002721	 0.034513
 0.2750	 	 	 	 	 0.006239
 0.3000	-0.001084	 0.028474	-0.000184	 0.005698	-0.033507
 0.3250	 	 	 	 	-0.080471
 0.3500	 0.000311	 0.026421	 0.000093	 0.005303	-0.122783
 0.3750	 	 	 	 	-0.156971
 0.4000	 0.001062	 0.002936	 0.000258	 0.001273	-0.171141
 0.4250	 	 	 	 	-0.164496
 0.4500	 0.000338	-0.031334	 0.000178	-0.004326	-0.140803
 0.4750	 	 	 	 	-0.097592
 0.5000	-0.001737	-0.048791	-0.000126	-0.007459	-0.050641
 0.5250	 	 	 	 	-0.002083
 0.5500	-0.003515	-0.018555	-0.000434	-0.004600	 0.027594
 0.5750	 	 	 	 	 0.034402
 0.6000	-0.002655	 0.051851	-0.000471	 0.002826	 0.011892
 0.6250	 	 	 	 	-0.044278
 0.6500	 0.001059	 0.086443	-0.000184	 0.007829	-0.104105
 0.6750	 	 	 	 	-0.164128
 0.7000	 0.003476	 0.000396	 0.000137	 0.004659	-0.179426
 0.7250	 	 	 	 	-0.134536
 0.7500	 0.000310	-0.112754	 0.000208	-0.000870	-0.045741
 0.7750	 	 	 	 	 0.084069
 0.8000	-0.004412	-0.052113	 0.000144	-0.000875	 0.174626
 0.8250	 	 	 	 	 0.212110
 0.8500	-0.002060	 0.137783	 0.000154	 0.000709	 0.163522
 0.8750	 	 	 	 	 0.044156
 0.9000	 0.005765	 0.132627	 0.000123	-0.002804	-0.058544
 0.9250	 	 	 	 	-0.109169
 0.9500	 0.004921	-0.169846	-0.000163	-0.008314	-0.055397
 0.9750	 	 	 	 	 0.276795
 1.0000	-0.014560	-0.500930	-0.000663	-0.011230	 0.456792


 -------- Mode No.  14  (freq = 0.26906E+02 Hz)

span_loc	flap disp	flap slope	lag disp	lag slope	twist

 0.0000	 0.000000	 0.000000	 0.000000	 0.000000	 0.000000
 0.0250	 	 	 	 	 0.000082
 0.0500	 0.000011	 0.000441	 0.000001	 0.000057	 0.000162
 0.0750	 	 	 	 	 0.000308
 0.1000	 0.000046	 0.000966	 0.000006	 0.000138	 0.000455
 0.1250	 	 	 	 	 0.000829
 0.1500	 0.000104	 0.001377	 0.000015	 0.000208	 0.001249
 0.1750	 	 	 	 	 0.001937
 0.2000	 0.000173	 0.001516	 0.000025	 0.000238	 0.002773
 0.2250	 	 	 	 	 0.009187
 0.2500	 0.000251	 0.001829	 0.000038	 0.000300	 0.016227
 0.2750	 	 	 	 	 0.024733
 0.3000	 0.000360	 0.002829	 0.000056	 0.000460	 0.032808
 0.3250	 	 	 	 	 0.040615
 0.3500	 0.000532	 0.004368	 0.000083	 0.000654	 0.047442
 0.3750	 	 	 	 	 0.054128
 0.4000	 0.000774	 0.005606	 0.000117	 0.000737	 0.060060
 0.4250	 	 	 	 	 0.065927
 0.4500	 0.001045	 0.005482	 0.000149	 0.000542	 0.072663
 0.4750	 	 	 	 	 0.082430
 0.5000	 0.001270	 0.003888	 0.000164	 0.000082	 0.093677
 0.5250	 	 	 	 	 0.108529
 0.5500	 0.001415	 0.002588	 0.000156	-0.000355	 0.123724
 0.5750	 	 	 	 	 0.142256
 0.6000	 0.001563	 0.004079	 0.000134	-0.000484	 0.158309
 0.6250	 	 	 	 	 0.175195
 0.6500	 0.001843	 0.007216	 0.000114	-0.000350	 0.186852
 0.6750	 	 	 	 	 0.196373
 0.7000	 0.002155	 0.004223	 0.000098	-0.000410	 0.200356
 0.7250	 	 	 	 	 0.199906
 0.7500	 0.002043	-0.009444	 0.000069	-0.000773	 0.194390
 0.7750	 	 	 	 	 0.179770
 0.8000	 0.001247	-0.021796	 0.000029	-0.000815	 0.156209
 0.8250	 	 	 	 	 0.107690
 0.8500	 0.000138	-0.022871	 0.000001	-0.000330	 0.047844
 0.8750	 	 	 	 	-0.035135
 0.9000	-0.000870	-0.020371	-0.000002	 0.000109	-0.116799
 0.9250	 	 	 	 	-0.218490
 0.9500	-0.001949	-0.025685	 0.000008	 0.000266	-0.295130
 0.9750	 	 	 	 	-0.444467
 1.0000	-0.003439	-0.033646	 0.000023	 0.000353	-0.496443


 -------- Mode No.  15  (freq = 0.29169E+02 Hz)

span_loc	flap disp	flap slope	lag disp	lag slope	twist

 0.0000	 0.000000	 0.000000	 0.000000	 0.000000	 0.000000
 0.0250	 	 	 	 	 0.001892
 0.0500	-0.000124	-0.004721	-0.000188	-0.007184	 0.003762
 0.0750	 	 	 	 	 0.007098
 0.1000	-0.000470	-0.008826	-0.000675	-0.012192	 0.010223
 0.1250	 	 	 	 	 0.016790
 0.1500	-0.000882	-0.007243	-0.001266	-0.011193	 0.022131
 0.1750	 	 	 	 	 0.027170
 0.2000	-0.001040	 0.001099	-0.001623	-0.003060	 0.029283
 0.2250	 	 	 	 	 0.025193
 0.2500	-0.000668	 0.013321	-0.001445	 0.010256	 0.006814
 0.2750	 	 	 	 	-0.025504
 0.3000	 0.000081	 0.015502	-0.000678	 0.020545	-0.059137
 0.3250	 	 	 	 	-0.087213
 0.3500	 0.000554	 0.002559	 0.000370	 0.021685	-0.099942
 0.3750	 	 	 	 	-0.093031
 0.4000	 0.000192	-0.016465	 0.001224	 0.012970	-0.066702
 0.4250	 	 	 	 	-0.028365
 0.4500	-0.000837	-0.022247	 0.001501	-0.001414	 0.012335
 0.4750	 	 	 	 	 0.054140
 0.5000	-0.001414	 0.001761	 0.001082	-0.015177	 0.078684
 0.5250	 	 	 	 	 0.083168
 0.5500	-0.000284	 0.041984	 0.000154	-0.022463	 0.066535
 0.5750	 	 	 	 	 0.031463
 0.6000	 0.002076	 0.045829	-0.000940	-0.022026	 0.001623
 0.6250	 	 	 	 	-0.011150
 0.6500	 0.002858	-0.016347	-0.001773	-0.011245	 0.011938
 0.6750	 	 	 	 	 0.085612
 0.7000	 0.000501	-0.062524	-0.001788	 0.011703	 0.169654
 0.7250	 	 	 	 	 0.251357
 0.7500	-0.000886	 0.017590	-0.000538	 0.038325	 0.270372
 0.7750	 	 	 	 	 0.211242
 0.8000	 0.002075	 0.079635	 0.001563	 0.043745	 0.109660
 0.8250	 	 	 	 	-0.024530
 0.8500	 0.003426	-0.042996	 0.002914	 0.008303	-0.086596
 0.8750	 	 	 	 	-0.065473
 0.9000	-0.002115	-0.144790	 0.001951	-0.046549	-0.004025
 0.9250	 	 	 	 	 0.040831
 0.9500	-0.005070	 0.047536	-0.001490	-0.090844	-0.013264
 0.9750	 	 	 	 	-0.387346
 1.0000	 0.007313	 0.344729	-0.006870	-0.120788	-0.595253


 -------- Mode No.  16  (freq = 0.29525E+02 Hz)

span_loc	flap disp	flap slope	lag disp	lag slope	twist

 0.0000	 0.000000	 0.000000	 0.000000	 0.000000	 0.000000
 0.0250	 	 	 	 	-0.001697
 0.0500	 0.000210	 0.007994	-0.000276	-0.010543	-0.003367
 0.0750	 	 	 	 	-0.006335
 0.1000	 0.000769	 0.014120	-0.000972	-0.017321	-0.009108
 0.1250	 	 	 	 	-0.014948
 0.1500	 0.001441	 0.012304	-0.001819	-0.016323	-0.019699
 0.1750	 	 	 	 	-0.024188
 0.2000	 0.001781	 0.001102	-0.002382	-0.006166	-0.026053
 0.2250	 	 	 	 	-0.021281
 0.2500	 0.001390	-0.016451	-0.002258	 0.011540	-0.002789
 0.2750	 	 	 	 	 0.029421
 0.3000	 0.000351	-0.024202	-0.001261	 0.029126	 0.062929
 0.3250	 	 	 	 	 0.091079
 0.3500	-0.000620	-0.013973	 0.000380	 0.037393	 0.103894
 0.3750	 	 	 	 	 0.096600
 0.4000	-0.000771	 0.007218	 0.002060	 0.030290	 0.068602
 0.4250	 	 	 	 	 0.027217
 0.4500	-0.000026	 0.020050	 0.002997	 0.007088	-0.018064
 0.4750	 	 	 	 	-0.067257
 0.5000	 0.000675	 0.005143	 0.002529	-0.026271	-0.100315
 0.5250	 	 	 	 	-0.115019
 0.5500	 0.000020	-0.030434	 0.000551	-0.053126	-0.107017
 0.5750	 	 	 	 	-0.078984
 0.6000	-0.001869	-0.038935	-0.002168	-0.055282	-0.050840
 0.6250	 	 	 	 	-0.033257
 0.6500	-0.002595	 0.012415	-0.004093	-0.021399	-0.046135
 0.6750	 	 	 	 	-0.101599
 0.7000	-0.000574	 0.054910	-0.003759	 0.033948	-0.168636
 0.7250	 	 	 	 	-0.234059
 0.7500	 0.000670	-0.015144	-0.000958	 0.076954	-0.245410
 0.7750	 	 	 	 	-0.186147
 0.8000	-0.001974	-0.071620	 0.002991	 0.079694	-0.089793
 0.8250	 	 	 	 	 0.036048
 0.8500	-0.003173	 0.040080	 0.005498	 0.017537	 0.093537
 0.8750	 	 	 	 	 0.072311
 0.9000	 0.001959	 0.134456	 0.003835	-0.085750	 0.012811
 0.9250	 	 	 	 	-0.032240
 0.9500	 0.004780	-0.040861	-0.002806	-0.178888	 0.016097
 0.9750	 	 	 	 	 0.361743
 1.0000	-0.006440	-0.313362	-0.013541	-0.241738	 0.554610


 -------- Mode No.  17  (freq = 0.35227E+02 Hz)

span_loc	flap disp	flap slope	lag disp	lag slope	twist

 0.0000	 0.000000	 0.000000	 0.000000	 0.000000	 0.000000
 0.0250	 	 	 	 	 0.002920
 0.0500	-0.000234	-0.008822	-0.000052	-0.001943	 0.005786
 0.0750	 	 	 	 	 0.010824
 0.1000	-0.000844	-0.014990	-0.000186	-0.003296	 0.015405
 0.1250	 	 	 	 	 0.024510
 0.1500	-0.001489	-0.010007	-0.000326	-0.002109	 0.031118
 0.1750	 	 	 	 	 0.035628
 0.2000	-0.001618	 0.004877	-0.000346	 0.001299	 0.034663
 0.2250	 	 	 	 	-0.002650
 0.2500	-0.000966	 0.019297	-0.000192	 0.004502	-0.057778
 0.2750	 	 	 	 	-0.125161
 0.3000	-0.000150	 0.010832	 0.000008	 0.003060	-0.174042
 0.3250	 	 	 	 	-0.192349
 0.3500	-0.000244	-0.014703	 0.000040	-0.001727	-0.173577
 0.3750	 	 	 	 	-0.118492
 0.4000	-0.001384	-0.027634	-0.000133	-0.004664	-0.050172
 0.4250	 	 	 	 	 0.007949
 0.4500	-0.002243	-0.003226	-0.000309	-0.001905	 0.039036
 0.4750	 	 	 	 	 0.035488
 0.5000	-0.001237	 0.041136	-0.000248	 0.003998	-0.003013
 0.5250	 	 	 	 	-0.069266
 0.5500	 0.001002	 0.039636	 0.000003	 0.005123	-0.124518
 0.5750	 	 	 	 	-0.150172
 0.6000	 0.001201	-0.032265	 0.000114	-0.000590	-0.120044
 0.6250	 	 	 	 	-0.025280
 0.6500	-0.001551	-0.059210	-0.000019	-0.003279	 0.074450
 0.6750	 	 	 	 	 0.157469
 0.7000	-0.001735	 0.058012	-0.000037	 0.002696	 0.151874
 0.7250	 	 	 	 	 0.051809
 0.7500	 0.002674	 0.083335	 0.000152	 0.003094	-0.055434
 0.7750	 	 	 	 	-0.105434
 0.8000	 0.002524	-0.088374	 0.000107	-0.004546	-0.032568
 0.8250	 	 	 	 	 0.168242
 0.8500	-0.002634	-0.066280	-0.000146	-0.003923	 0.303939
 0.8750	 	 	 	 	 0.273563
 0.9000	 0.000164	 0.148629	-0.000148	 0.003029	 0.077801
 0.9250	 	 	 	 	-0.234022
 0.9500	 0.004399	-0.040529	 0.000059	 0.004854	-0.368392
 0.9750	 	 	 	 	-0.188475
 1.0000	-0.012842	-0.496172	 0.000315	 0.005609	 0.016650


 -------- Mode No.  18  (freq = 0.41674E+02 Hz)

span_loc	flap disp	flap slope	lag disp	lag slope	twist

 0.0000	 0.000000	 0.000000	 0.000000	 0.000000	 0.000000
 0.0250	 	 	 	 	 0.003268
 0.0500	-0.000236	-0.008762	-0.000057	-0.002120	 0.006454
 0.0750	 	 	 	 	 0.011966
 0.1000	-0.000815	-0.013610	-0.000196	-0.003258	 0.016808
 0.1250	 	 	 	 	 0.025806
 0.1500	-0.001326	-0.005920	-0.000317	-0.001349	 0.031413
 0.1750	 	 	 	 	 0.033155
 0.2000	-0.001233	 0.009275	-0.000289	 0.002402	 0.028282
 0.2250	 	 	 	 	-0.036016
 0.2500	-0.000532	 0.015695	-0.000108	 0.004237	-0.107901
 0.2750	 	 	 	 	-0.171688
 0.3000	-0.000186	-0.003943	 0.000022	 0.000606	-0.191189
 0.3250	 	 	 	 	-0.160115
 0.3500	-0.000947	-0.023872	-0.000066	-0.003625	-0.094341
 0.3750	 	 	 	 	-0.011812
 0.4000	-0.001896	-0.009686	-0.000236	-0.002531	 0.042506
 0.4250	 	 	 	 	 0.048978
 0.4500	-0.001363	 0.029759	-0.000226	 0.002735	 0.010720
 0.4750	 	 	 	 	-0.067966
 0.5000	 0.000406	 0.032472	-0.000033	 0.004012	-0.139972
 0.5250	 	 	 	 	-0.179369
 0.5500	 0.000515	-0.029335	 0.000026	-0.001646	-0.156030
 0.5750	 	 	 	 	-0.065868
 0.6000	-0.001865	-0.048944	-0.000138	-0.003367	 0.029267
 0.6250	 	 	 	 	 0.094258
 0.6500	-0.001879	 0.051492	-0.000123	 0.003987	 0.067932
 0.6750	 	 	 	 	-0.055815
 0.7000	 0.001833	 0.061414	 0.000142	 0.004374	-0.161129
 0.7250	 	 	 	 	-0.168105
 0.7500	 0.000815	-0.088894	 0.000117	-0.004472	-0.038069
 0.7750	 	 	 	 	 0.184637
 0.8000	-0.002300	 0.006331	-0.000091	-0.002227	 0.280901
 0.8250	 	 	 	 	 0.165035
 0.8500	 0.002219	 0.118756	-0.000048	 0.002349	-0.055262
 0.8750	 	 	 	 	-0.211634
 0.9000	 0.001947	-0.138197	-0.000008	-0.000536	-0.130452
 0.9250	 	 	 	 	 0.155018
 0.9500	-0.005139	-0.053247	-0.000006	 0.001250	 0.282782
 0.9750	 	 	 	 	-0.065015
 1.0000	 0.008827	 0.444661	 0.000148	 0.003859	-0.389261


 -------- Mode No.  19  (freq = 0.42760E+02 Hz)

span_loc	flap disp	flap slope	lag disp	lag slope	twist

 0.0000	 0.000000	 0.000000	 0.000000	 0.000000	 0.000000
 0.0250	 	 	 	 	 0.000457
 0.0500	 0.000071	 0.002676	-0.000338	-0.012591	 0.000905
 0.0750	 	 	 	 	 0.001680
 0.1000	 0.000242	 0.004095	-0.001118	-0.018046	 0.002388
 0.1250	 	 	 	 	 0.003881
 0.1500	 0.000427	 0.003228	-0.001828	-0.009385	 0.005158
 0.1750	 	 	 	 	 0.006619
 0.2000	 0.000526	 0.000746	-0.001856	 0.008693	 0.007856
 0.2250	 	 	 	 	 0.015413
 0.2500	 0.000490	-0.001987	-0.000927	 0.028471	 0.022939
 0.2750	 	 	 	 	 0.031310
 0.3000	 0.000375	-0.002226	 0.000643	 0.033934	 0.038593
 0.3250	 	 	 	 	 0.044887
 0.3500	 0.000335	 0.000948	 0.001966	 0.018575	 0.049961
 0.3750	 	 	 	 	 0.054554
 0.4000	 0.000495	 0.005685	 0.002179	-0.010150	 0.058697
 0.4250	 	 	 	 	 0.063432
 0.4500	 0.000854	 0.008883	 0.001022	-0.035659	 0.069976
 0.4750	 	 	 	 	 0.080595
 0.5000	 0.001302	 0.009447	-0.000903	-0.040254	 0.093229
 0.5250	 	 	 	 	 0.109749
 0.5500	 0.001709	 0.007235	-0.002334	-0.016098	 0.126173
 0.5750	 	 	 	 	 0.145516
 0.6000	 0.001936	 0.001964	-0.002071	 0.026380	 0.161278
 0.6250	 	 	 	 	 0.175300
 0.6500	 0.001824	-0.006433	 0.000103	 0.058205	 0.180013
 0.6750	 	 	 	 	 0.171987
 0.7000	 0.001267	-0.016165	 0.002749	 0.044186	 0.149320
 0.7250	 	 	 	 	 0.101777
 0.7500	 0.000286	-0.024082	 0.003463	-0.016988	 0.043617
 0.7750	 	 	 	 	-0.037373
 0.8000	-0.000947	-0.025662	 0.000894	-0.081682	-0.108840
 0.8250	 	 	 	 	-0.187615
 0.8500	-0.001868	-0.010168	-0.003280	-0.075266	-0.229898
 0.8750	 	 	 	 	-0.233403
 0.9000	-0.001498	 0.025277	-0.004558	 0.028984	-0.191903
 0.9250	 	 	 	 	-0.085949
 0.9500	 0.000556	 0.054953	 0.000244	 0.157663	 0.040024
 0.9750	 	 	 	 	 0.391108
 1.0000	 0.003929	 0.078283	 0.011302	 0.259442	 0.524147


 -------- Mode No.  20  (freq = 0.43906E+02 Hz)

span_loc	flap disp	flap slope	lag disp	lag slope	twist

 0.0000	 0.000000	 0.000000	 0.000000	 0.000000	 0.000000
 0.0250	 	 	 	 	-0.000353
 0.0500	 0.000010	 0.000373	-0.000020	-0.000740	-0.000694
 0.0750	 	 	 	 	-0.001281
 0.1000	 0.000030	 0.000354	-0.000066	-0.001083	-0.001814
 0.1250	 	 	 	 	-0.002942
 0.1500	 0.000028	-0.000566	-0.000111	-0.000691	-0.003905
 0.1750	 	 	 	 	-0.004989
 0.2000	-0.000035	-0.002065	-0.000124	 0.000195	-0.005842
 0.2250	 	 	 	 	-0.010202
 0.2500	-0.000180	-0.003852	-0.000090	 0.001149	-0.013979
 0.2750	 	 	 	 	-0.018261
 0.3000	-0.000388	-0.004623	-0.000025	 0.001384	-0.023100
 0.3250	 	 	 	 	-0.029619
 0.3500	-0.000602	-0.004260	 0.000024	 0.000524	-0.037889
 0.3750	 	 	 	 	-0.048858
 0.4000	-0.000794	-0.003908	 0.000010	-0.001144	-0.060324
 0.4250	 	 	 	 	-0.071668
 0.4500	-0.000994	-0.004666	-0.000084	-0.002635	-0.083123
 0.4750	 	 	 	 	-0.096652
 0.5000	-0.001262	-0.006512	-0.000221	-0.002803	-0.109106
 0.5250	 	 	 	 	-0.122695
 0.5500	-0.001597	-0.006987	-0.000318	-0.001004	-0.135228
 0.5750	 	 	 	 	-0.150280
 0.6000	-0.001854	-0.003418	-0.000288	 0.002203	-0.163498
 0.6250	 	 	 	 	-0.176566
 0.6500	-0.001860	 0.002909	-0.000114	 0.004581	-0.181453
 0.6750	 	 	 	 	-0.173684
 0.7000	-0.001503	 0.012255	 0.000100	 0.003814	-0.151275
 0.7250	 	 	 	 	-0.105302
 0.7500	-0.000566	 0.026711	 0.000196	 0.000035	-0.050711
 0.7750	 	 	 	 	 0.024683
 0.8000	 0.000931	 0.032389	 0.000082	-0.004346	 0.094045
 0.8250	 	 	 	 	 0.178501
 0.8500	 0.002070	 0.012053	-0.000162	-0.004680	 0.233075
 0.8750	 	 	 	 	 0.252776
 0.9000	 0.001692	-0.026498	-0.000256	 0.001289	 0.219539
 0.9250	 	 	 	 	 0.110507
 0.9500	-0.000497	-0.060248	 0.000016	 0.009257	-0.028573
 0.9750	 	 	 	 	-0.423825
 1.0000	-0.004494	-0.095350	 0.000679	 0.015622	-0.571916
=================================================================================
